10551ms INFO  servlet.DispatcherServlet - Initializing Servlet 'SpringDispatcher'
11794ms INFO  util.LogHelper - HHH000204: Processing PersistenceUnitInfo [
	name: default
	...]
11907ms INFO  hibernate.Version - HHH000412: Hibernate Core {5.3.2.Final}
11909ms INFO  cfg.Environment - HHH000206: hibernate.properties not found
12059ms INFO  common.Version - HCANN000001: Hibernate Commons Annotations {5.0.4.Final}
12327ms INFO  dialect.Dialect - HHH000400: Using dialect: org.hibernate.dialect.PostgreSQL92Dialect
12460ms INFO  internal.LobCreatorBuilderImpl - HHH000421: Disabling contextual LOB creation as hibernate.jdbc.lob.non_contextual_creation is true
12477ms INFO  type.BasicTypeRegistry - HHH000270: Type registration [java.util.UUID] overrides previous : org.hibernate.type.UUIDBinaryType@514534b2
13432ms INFO  jpa.LocalContainerEntityManagerFactoryBean - Initialized JPA EntityManagerFactory for persistence unit 'default'
14964ms INFO  servlet.DispatcherServlet - Completed initialization in 4400 ms
8833ms INFO  servlet.DispatcherServlet - Initializing Servlet 'SpringDispatcher'
9739ms INFO  util.LogHelper - HHH000204: Processing PersistenceUnitInfo [
	name: default
	...]
9855ms INFO  hibernate.Version - HHH000412: Hibernate Core {5.3.2.Final}
9857ms INFO  cfg.Environment - HHH000206: hibernate.properties not found
10000ms INFO  common.Version - HCANN000001: Hibernate Commons Annotations {5.0.4.Final}
10266ms INFO  dialect.Dialect - HHH000400: Using dialect: org.hibernate.dialect.PostgreSQL92Dialect
10384ms INFO  internal.LobCreatorBuilderImpl - HHH000421: Disabling contextual LOB creation as hibernate.jdbc.lob.non_contextual_creation is true
10386ms INFO  type.BasicTypeRegistry - HHH000270: Type registration [java.util.UUID] overrides previous : org.hibernate.type.UUIDBinaryType@5a370799
11150ms INFO  jpa.LocalContainerEntityManagerFactoryBean - Initialized JPA EntityManagerFactory for persistence unit 'default'
12092ms INFO  servlet.DispatcherServlet - Completed initialization in 3253 ms
19632ms WARN  spi.SqlExceptionHelper - SQL Error: 0, SQLState: 42P01
19632ms ERROR spi.SqlExceptionHelper - ОШИБКА: отношение "public.news_authors" не существует
  Position: 203
19634ms INFO  internal.DefaultLoadEventListener - HHH000327: Error performing load command : org.hibernate.exception.SQLGrammarException: could not extract ResultSet
8267ms INFO  servlet.DispatcherServlet - Initializing Servlet 'SpringDispatcher'
9172ms INFO  util.LogHelper - HHH000204: Processing PersistenceUnitInfo [
	name: default
	...]
9327ms INFO  hibernate.Version - HHH000412: Hibernate Core {5.3.2.Final}
9329ms INFO  cfg.Environment - HHH000206: hibernate.properties not found
9475ms INFO  common.Version - HCANN000001: Hibernate Commons Annotations {5.0.4.Final}
9724ms INFO  dialect.Dialect - HHH000400: Using dialect: org.hibernate.dialect.PostgreSQL92Dialect
9825ms INFO  internal.LobCreatorBuilderImpl - HHH000421: Disabling contextual LOB creation as hibernate.jdbc.lob.non_contextual_creation is true
9833ms INFO  type.BasicTypeRegistry - HHH000270: Type registration [java.util.UUID] overrides previous : org.hibernate.type.UUIDBinaryType@633c2716
10782ms INFO  jpa.LocalContainerEntityManagerFactoryBean - Initialized JPA EntityManagerFactory for persistence unit 'default'
11573ms INFO  servlet.DispatcherServlet - Completed initialization in 3300 ms
16650ms WARN  spi.SqlExceptionHelper - SQL Error: 0, SQLState: 42703
16650ms ERROR spi.SqlExceptionHelper - ОШИБКА: столбец author0_.News_id не существует
  Hint: Возможно, предполагалась ссылка на столбец "author0_.news_id".
  Position: 8
16652ms INFO  internal.DefaultLoadEventListener - HHH000327: Error performing load command : org.hibernate.exception.SQLGrammarException: could not extract ResultSet
8456ms INFO  servlet.DispatcherServlet - Initializing Servlet 'SpringDispatcher'
9238ms INFO  util.LogHelper - HHH000204: Processing PersistenceUnitInfo [
	name: default
	...]
9341ms INFO  hibernate.Version - HHH000412: Hibernate Core {5.3.2.Final}
9343ms INFO  cfg.Environment - HHH000206: hibernate.properties not found
9460ms INFO  common.Version - HCANN000001: Hibernate Commons Annotations {5.0.4.Final}
9674ms INFO  dialect.Dialect - HHH000400: Using dialect: org.hibernate.dialect.PostgreSQL92Dialect
9790ms INFO  internal.LobCreatorBuilderImpl - HHH000421: Disabling contextual LOB creation as hibernate.jdbc.lob.non_contextual_creation is true
9798ms INFO  type.BasicTypeRegistry - HHH000270: Type registration [java.util.UUID] overrides previous : org.hibernate.type.UUIDBinaryType@53abde93
10567ms INFO  jpa.LocalContainerEntityManagerFactoryBean - Initialized JPA EntityManagerFactory for persistence unit 'default'
11480ms INFO  servlet.DispatcherServlet - Completed initialization in 3019 ms
21405ms WARN  spi.SqlExceptionHelper - SQL Error: 0, SQLState: 42P01
21405ms ERROR spi.SqlExceptionHelper - ОШИБКА: отношение "public.author" не существует
  Position: 246
21407ms INFO  internal.DefaultLoadEventListener - HHH000327: Error performing load command : org.hibernate.exception.SQLGrammarException: could not extract ResultSet
8606ms INFO  servlet.DispatcherServlet - Initializing Servlet 'SpringDispatcher'
9380ms INFO  util.LogHelper - HHH000204: Processing PersistenceUnitInfo [
	name: default
	...]
9484ms INFO  hibernate.Version - HHH000412: Hibernate Core {5.3.2.Final}
9487ms INFO  cfg.Environment - HHH000206: hibernate.properties not found
9602ms INFO  common.Version - HCANN000001: Hibernate Commons Annotations {5.0.4.Final}
9813ms INFO  dialect.Dialect - HHH000400: Using dialect: org.hibernate.dialect.PostgreSQL92Dialect
9929ms INFO  internal.LobCreatorBuilderImpl - HHH000421: Disabling contextual LOB creation as hibernate.jdbc.lob.non_contextual_creation is true
9939ms INFO  type.BasicTypeRegistry - HHH000270: Type registration [java.util.UUID] overrides previous : org.hibernate.type.UUIDBinaryType@10059854
10808ms INFO  jpa.LocalContainerEntityManagerFactoryBean - Initialized JPA EntityManagerFactory for persistence unit 'default'
11581ms INFO  servlet.DispatcherServlet - Completed initialization in 2969 ms
8201ms INFO  servlet.DispatcherServlet - Initializing Servlet 'SpringDispatcher'
9067ms INFO  util.LogHelper - HHH000204: Processing PersistenceUnitInfo [
	name: default
	...]
9140ms INFO  hibernate.Version - HHH000412: Hibernate Core {5.3.2.Final}
9140ms INFO  cfg.Environment - HHH000206: hibernate.properties not found
9256ms INFO  common.Version - HCANN000001: Hibernate Commons Annotations {5.0.4.Final}
9438ms INFO  dialect.Dialect - HHH000400: Using dialect: org.hibernate.dialect.PostgreSQL92Dialect
9538ms INFO  internal.LobCreatorBuilderImpl - HHH000421: Disabling contextual LOB creation as hibernate.jdbc.lob.non_contextual_creation is true
9553ms INFO  type.BasicTypeRegistry - HHH000270: Type registration [java.util.UUID] overrides previous : org.hibernate.type.UUIDBinaryType@56f747f5
10284ms INFO  jpa.LocalContainerEntityManagerFactoryBean - Initialized JPA EntityManagerFactory for persistence unit 'default'
11045ms INFO  servlet.DispatcherServlet - Completed initialization in 2838 ms
21638ms INFO  internal.QueryTranslatorFactoryInitiator - HHH000397: Using ASTQueryTranslatorFactory
8773ms INFO  servlet.DispatcherServlet - Initializing Servlet 'SpringDispatcher'
9605ms INFO  util.LogHelper - HHH000204: Processing PersistenceUnitInfo [
	name: default
	...]
9707ms INFO  hibernate.Version - HHH000412: Hibernate Core {5.3.2.Final}
9711ms INFO  cfg.Environment - HHH000206: hibernate.properties not found
9835ms INFO  common.Version - HCANN000001: Hibernate Commons Annotations {5.0.4.Final}
10275ms INFO  dialect.Dialect - HHH000400: Using dialect: org.hibernate.dialect.PostgreSQL92Dialect
10389ms INFO  internal.LobCreatorBuilderImpl - HHH000421: Disabling contextual LOB creation as hibernate.jdbc.lob.non_contextual_creation is true
10399ms INFO  type.BasicTypeRegistry - HHH000270: Type registration [java.util.UUID] overrides previous : org.hibernate.type.UUIDBinaryType@3d968373
11324ms INFO  jpa.LocalContainerEntityManagerFactoryBean - Initialized JPA EntityManagerFactory for persistence unit 'default'
12151ms INFO  servlet.DispatcherServlet - Completed initialization in 3372 ms
33513ms INFO  internal.QueryTranslatorFactoryInitiator - HHH000397: Using ASTQueryTranslatorFactory
8636ms INFO  servlet.DispatcherServlet - Initializing Servlet 'SpringDispatcher'
9621ms INFO  util.LogHelper - HHH000204: Processing PersistenceUnitInfo [
	name: default
	...]
9707ms INFO  hibernate.Version - HHH000412: Hibernate Core {5.3.2.Final}
9708ms INFO  cfg.Environment - HHH000206: hibernate.properties not found
9841ms INFO  common.Version - HCANN000001: Hibernate Commons Annotations {5.0.4.Final}
10063ms INFO  dialect.Dialect - HHH000400: Using dialect: org.hibernate.dialect.PostgreSQL92Dialect
10164ms INFO  internal.LobCreatorBuilderImpl - HHH000421: Disabling contextual LOB creation as hibernate.jdbc.lob.non_contextual_creation is true
10174ms INFO  type.BasicTypeRegistry - HHH000270: Type registration [java.util.UUID] overrides previous : org.hibernate.type.UUIDBinaryType@64e502c
10920ms INFO  jpa.LocalContainerEntityManagerFactoryBean - Initialized JPA EntityManagerFactory for persistence unit 'default'
11723ms INFO  servlet.DispatcherServlet - Completed initialization in 3080 ms
13689ms INFO  internal.QueryTranslatorFactoryInitiator - HHH000397: Using ASTQueryTranslatorFactory
8119ms INFO  servlet.DispatcherServlet - Initializing Servlet 'SpringDispatcher'
8899ms INFO  util.LogHelper - HHH000204: Processing PersistenceUnitInfo [
	name: default
	...]
8994ms INFO  hibernate.Version - HHH000412: Hibernate Core {5.3.2.Final}
8996ms INFO  cfg.Environment - HHH000206: hibernate.properties not found
9119ms INFO  common.Version - HCANN000001: Hibernate Commons Annotations {5.0.4.Final}
9383ms INFO  dialect.Dialect - HHH000400: Using dialect: org.hibernate.dialect.PostgreSQL92Dialect
9493ms INFO  internal.LobCreatorBuilderImpl - HHH000421: Disabling contextual LOB creation as hibernate.jdbc.lob.non_contextual_creation is true
9502ms INFO  type.BasicTypeRegistry - HHH000270: Type registration [java.util.UUID] overrides previous : org.hibernate.type.UUIDBinaryType@1678bb26
10206ms INFO  jpa.LocalContainerEntityManagerFactoryBean - Initialized JPA EntityManagerFactory for persistence unit 'default'
10994ms INFO  servlet.DispatcherServlet - Completed initialization in 2870 ms
13790ms INFO  internal.QueryTranslatorFactoryInitiator - HHH000397: Using ASTQueryTranslatorFactory
8748ms INFO  servlet.DispatcherServlet - Initializing Servlet 'SpringDispatcher'
10046ms INFO  util.LogHelper - HHH000204: Processing PersistenceUnitInfo [
	name: default
	...]
10191ms INFO  hibernate.Version - HHH000412: Hibernate Core {5.3.2.Final}
10192ms INFO  cfg.Environment - HHH000206: hibernate.properties not found
10374ms INFO  common.Version - HCANN000001: Hibernate Commons Annotations {5.0.4.Final}
10702ms INFO  dialect.Dialect - HHH000400: Using dialect: org.hibernate.dialect.PostgreSQL92Dialect
10831ms INFO  internal.LobCreatorBuilderImpl - HHH000421: Disabling contextual LOB creation as hibernate.jdbc.lob.non_contextual_creation is true
10840ms INFO  type.BasicTypeRegistry - HHH000270: Type registration [java.util.UUID] overrides previous : org.hibernate.type.UUIDBinaryType@4e24b909
11680ms INFO  jpa.LocalContainerEntityManagerFactoryBean - Initialized JPA EntityManagerFactory for persistence unit 'default'
12532ms INFO  servlet.DispatcherServlet - Completed initialization in 3778 ms
31002ms INFO  internal.QueryTranslatorFactoryInitiator - HHH000397: Using ASTQueryTranslatorFactory
9838ms INFO  servlet.DispatcherServlet - Initializing Servlet 'SpringDispatcher'
11211ms INFO  util.LogHelper - HHH000204: Processing PersistenceUnitInfo [
	name: default
	...]
11339ms INFO  hibernate.Version - HHH000412: Hibernate Core {5.3.2.Final}
11342ms INFO  cfg.Environment - HHH000206: hibernate.properties not found
11498ms INFO  common.Version - HCANN000001: Hibernate Commons Annotations {5.0.4.Final}
11764ms INFO  dialect.Dialect - HHH000400: Using dialect: org.hibernate.dialect.PostgreSQL92Dialect
11883ms INFO  internal.LobCreatorBuilderImpl - HHH000421: Disabling contextual LOB creation as hibernate.jdbc.lob.non_contextual_creation is true
11895ms INFO  type.BasicTypeRegistry - HHH000270: Type registration [java.util.UUID] overrides previous : org.hibernate.type.UUIDBinaryType@443135ff
13010ms INFO  jpa.LocalContainerEntityManagerFactoryBean - Initialized JPA EntityManagerFactory for persistence unit 'default'
13343ms WARN  support.AnnotationConfigWebApplicationContext - Exception encountered during context initialization - cancelling refresh attempt: org.springframework.beans.factory.UnsatisfiedDependencyException: Error creating bean with name 'newsController' defined in file [C:\Users\Uladzimir_Redzko\IdeaProjects\JavaLab\NewsManagement\controller\target\classes\com\epam\lab\controller\NewsController.class]: Unsatisfied dependency expressed through constructor parameter 0; nested exception is org.springframework.beans.factory.BeanNotOfRequiredTypeException: Bean named 'newsServiceJpaImpl' is expected to be of type 'com.epam.lab.service.impl.NewsServiceJpaImpl' but was actually of type 'com.sun.proxy.$Proxy92'
13344ms INFO  jpa.LocalContainerEntityManagerFactoryBean - Closing JPA EntityManagerFactory for persistence unit 'default'
13360ms ERROR servlet.DispatcherServlet - Context initialization failed
org.springframework.beans.factory.UnsatisfiedDependencyException: Error creating bean with name 'newsController' defined in file [C:\Users\Uladzimir_Redzko\IdeaProjects\JavaLab\NewsManagement\controller\target\classes\com\epam\lab\controller\NewsController.class]: Unsatisfied dependency expressed through constructor parameter 0; nested exception is org.springframework.beans.factory.BeanNotOfRequiredTypeException: Bean named 'newsServiceJpaImpl' is expected to be of type 'com.epam.lab.service.impl.NewsServiceJpaImpl' but was actually of type 'com.sun.proxy.$Proxy92'
	at org.springframework.beans.factory.support.ConstructorResolver.createArgumentArray(ConstructorResolver.java:798) ~[spring-beans-5.2.3.RELEASE.jar:5.2.3.RELEASE]
	at org.springframework.beans.factory.support.ConstructorResolver.autowireConstructor(ConstructorResolver.java:228) ~[spring-beans-5.2.3.RELEASE.jar:5.2.3.RELEASE]
	at org.springframework.beans.factory.support.AbstractAutowireCapableBeanFactory.autowireConstructor(AbstractAutowireCapableBeanFactory.java:1358) ~[spring-beans-5.2.3.RELEASE.jar:5.2.3.RELEASE]
	at org.springframework.beans.factory.support.AbstractAutowireCapableBeanFactory.createBeanInstance(AbstractAutowireCapableBeanFactory.java:1204) ~[spring-beans-5.2.3.RELEASE.jar:5.2.3.RELEASE]
	at org.springframework.beans.factory.support.AbstractAutowireCapableBeanFactory.doCreateBean(AbstractAutowireCapableBeanFactory.java:557) ~[spring-beans-5.2.3.RELEASE.jar:5.2.3.RELEASE]
	at org.springframework.beans.factory.support.AbstractAutowireCapableBeanFactory.createBean(AbstractAutowireCapableBeanFactory.java:517) ~[spring-beans-5.2.3.RELEASE.jar:5.2.3.RELEASE]
	at org.springframework.beans.factory.support.AbstractBeanFactory.lambda$doGetBean$0(AbstractBeanFactory.java:323) ~[spring-beans-5.2.3.RELEASE.jar:5.2.3.RELEASE]
	at org.springframework.beans.factory.support.DefaultSingletonBeanRegistry.getSingleton(DefaultSingletonBeanRegistry.java:222) ~[spring-beans-5.2.3.RELEASE.jar:5.2.3.RELEASE]
	at org.springframework.beans.factory.support.AbstractBeanFactory.doGetBean(AbstractBeanFactory.java:321) ~[spring-beans-5.2.3.RELEASE.jar:5.2.3.RELEASE]
	at org.springframework.beans.factory.support.AbstractBeanFactory.getBean(AbstractBeanFactory.java:202) ~[spring-beans-5.2.3.RELEASE.jar:5.2.3.RELEASE]
	at org.springframework.beans.factory.support.DefaultListableBeanFactory.preInstantiateSingletons(DefaultListableBeanFactory.java:879) ~[spring-beans-5.2.3.RELEASE.jar:5.2.3.RELEASE]
	at org.springframework.context.support.AbstractApplicationContext.finishBeanFactoryInitialization(AbstractApplicationContext.java:878) ~[spring-context-5.2.3.RELEASE.jar:5.2.3.RELEASE]
	at org.springframework.context.support.AbstractApplicationContext.refresh(AbstractApplicationContext.java:550) ~[spring-context-5.2.3.RELEASE.jar:5.2.3.RELEASE]
	at org.springframework.web.servlet.FrameworkServlet.configureAndRefreshWebApplicationContext(FrameworkServlet.java:702) ~[spring-webmvc-5.2.3.RELEASE.jar:5.2.3.RELEASE]
	at org.springframework.web.servlet.FrameworkServlet.initWebApplicationContext(FrameworkServlet.java:578) ~[spring-webmvc-5.2.3.RELEASE.jar:5.2.3.RELEASE]
	at org.springframework.web.servlet.FrameworkServlet.initServletBean(FrameworkServlet.java:530) [spring-webmvc-5.2.3.RELEASE.jar:5.2.3.RELEASE]
	at org.springframework.web.servlet.HttpServletBean.init(HttpServletBean.java:170) [spring-webmvc-5.2.3.RELEASE.jar:5.2.3.RELEASE]
	at javax.servlet.GenericServlet.init(GenericServlet.java:160) [tomcat-embed-core-7.0.47.jar:7.0.47]
	at org.apache.catalina.core.StandardWrapper.initServlet(StandardWrapper.java:1280) [tomcat-embed-core-7.0.47.jar:7.0.47]
	at org.apache.catalina.core.StandardWrapper.load(StandardWrapper.java:1091) [tomcat-embed-core-7.0.47.jar:7.0.47]
	at org.apache.catalina.core.StandardContext.loadOnStartup(StandardContext.java:5176) [tomcat-embed-core-7.0.47.jar:7.0.47]
	at org.apache.catalina.core.StandardContext.startInternal(StandardContext.java:5460) [tomcat-embed-core-7.0.47.jar:7.0.47]
	at org.apache.catalina.util.LifecycleBase.start(LifecycleBase.java:150) [tomcat-embed-core-7.0.47.jar:7.0.47]
	at org.apache.catalina.core.ContainerBase$StartChild.call(ContainerBase.java:1559) [tomcat-embed-core-7.0.47.jar:7.0.47]
	at org.apache.catalina.core.ContainerBase$StartChild.call(ContainerBase.java:1549) [tomcat-embed-core-7.0.47.jar:7.0.47]
	at java.util.concurrent.FutureTask.run$$$capture(FutureTask.java:266) [?:1.8.0_241]
	at java.util.concurrent.FutureTask.run(FutureTask.java) [?:1.8.0_241]
	at java.util.concurrent.ThreadPoolExecutor.runWorker(ThreadPoolExecutor.java:1149) [?:1.8.0_241]
	at java.util.concurrent.ThreadPoolExecutor$Worker.run(ThreadPoolExecutor.java:624) [?:1.8.0_241]
	at java.lang.Thread.run(Thread.java:748) [?:1.8.0_241]
Caused by: org.springframework.beans.factory.BeanNotOfRequiredTypeException: Bean named 'newsServiceJpaImpl' is expected to be of type 'com.epam.lab.service.impl.NewsServiceJpaImpl' but was actually of type 'com.sun.proxy.$Proxy92'
	at org.springframework.beans.factory.support.DefaultListableBeanFactory.doResolveDependency(DefaultListableBeanFactory.java:1297) ~[spring-beans-5.2.3.RELEASE.jar:5.2.3.RELEASE]
	at org.springframework.beans.factory.support.DefaultListableBeanFactory.resolveDependency(DefaultListableBeanFactory.java:1207) ~[spring-beans-5.2.3.RELEASE.jar:5.2.3.RELEASE]
	at org.springframework.beans.factory.support.ConstructorResolver.resolveAutowiredArgument(ConstructorResolver.java:885) ~[spring-beans-5.2.3.RELEASE.jar:5.2.3.RELEASE]
	at org.springframework.beans.factory.support.ConstructorResolver.createArgumentArray(ConstructorResolver.java:789) ~[spring-beans-5.2.3.RELEASE.jar:5.2.3.RELEASE]
	... 29 more
13720ms INFO  servlet.DispatcherServlet - Initializing Servlet 'SpringDispatcher'
13822ms INFO  util.LogHelper - HHH000204: Processing PersistenceUnitInfo [
	name: default
	...]
13828ms INFO  dialect.Dialect - HHH000400: Using dialect: org.hibernate.dialect.PostgreSQL92Dialect
13891ms INFO  internal.LobCreatorBuilderImpl - HHH000421: Disabling contextual LOB creation as hibernate.jdbc.lob.non_contextual_creation is true
13891ms INFO  type.BasicTypeRegistry - HHH000270: Type registration [java.util.UUID] overrides previous : org.hibernate.type.UUIDBinaryType@443135ff
13986ms INFO  jpa.LocalContainerEntityManagerFactoryBean - Initialized JPA EntityManagerFactory for persistence unit 'default'
14009ms WARN  support.AnnotationConfigWebApplicationContext - Exception encountered during context initialization - cancelling refresh attempt: org.springframework.beans.factory.UnsatisfiedDependencyException: Error creating bean with name 'newsController' defined in file [C:\Users\Uladzimir_Redzko\IdeaProjects\JavaLab\NewsManagement\controller\target\classes\com\epam\lab\controller\NewsController.class]: Unsatisfied dependency expressed through constructor parameter 0; nested exception is org.springframework.beans.factory.BeanNotOfRequiredTypeException: Bean named 'newsServiceJpaImpl' is expected to be of type 'com.epam.lab.service.impl.NewsServiceJpaImpl' but was actually of type 'com.sun.proxy.$Proxy92'
14023ms INFO  jpa.LocalContainerEntityManagerFactoryBean - Closing JPA EntityManagerFactory for persistence unit 'default'
14048ms ERROR servlet.DispatcherServlet - Context initialization failed
org.springframework.beans.factory.UnsatisfiedDependencyException: Error creating bean with name 'newsController' defined in file [C:\Users\Uladzimir_Redzko\IdeaProjects\JavaLab\NewsManagement\controller\target\classes\com\epam\lab\controller\NewsController.class]: Unsatisfied dependency expressed through constructor parameter 0; nested exception is org.springframework.beans.factory.BeanNotOfRequiredTypeException: Bean named 'newsServiceJpaImpl' is expected to be of type 'com.epam.lab.service.impl.NewsServiceJpaImpl' but was actually of type 'com.sun.proxy.$Proxy92'
	at org.springframework.beans.factory.support.ConstructorResolver.createArgumentArray(ConstructorResolver.java:798) ~[spring-beans-5.2.3.RELEASE.jar:5.2.3.RELEASE]
	at org.springframework.beans.factory.support.ConstructorResolver.autowireConstructor(ConstructorResolver.java:228) ~[spring-beans-5.2.3.RELEASE.jar:5.2.3.RELEASE]
	at org.springframework.beans.factory.support.AbstractAutowireCapableBeanFactory.autowireConstructor(AbstractAutowireCapableBeanFactory.java:1358) ~[spring-beans-5.2.3.RELEASE.jar:5.2.3.RELEASE]
	at org.springframework.beans.factory.support.AbstractAutowireCapableBeanFactory.createBeanInstance(AbstractAutowireCapableBeanFactory.java:1204) ~[spring-beans-5.2.3.RELEASE.jar:5.2.3.RELEASE]
	at org.springframework.beans.factory.support.AbstractAutowireCapableBeanFactory.doCreateBean(AbstractAutowireCapableBeanFactory.java:557) ~[spring-beans-5.2.3.RELEASE.jar:5.2.3.RELEASE]
	at org.springframework.beans.factory.support.AbstractAutowireCapableBeanFactory.createBean(AbstractAutowireCapableBeanFactory.java:517) ~[spring-beans-5.2.3.RELEASE.jar:5.2.3.RELEASE]
	at org.springframework.beans.factory.support.AbstractBeanFactory.lambda$doGetBean$0(AbstractBeanFactory.java:323) ~[spring-beans-5.2.3.RELEASE.jar:5.2.3.RELEASE]
	at org.springframework.beans.factory.support.DefaultSingletonBeanRegistry.getSingleton(DefaultSingletonBeanRegistry.java:222) ~[spring-beans-5.2.3.RELEASE.jar:5.2.3.RELEASE]
	at org.springframework.beans.factory.support.AbstractBeanFactory.doGetBean(AbstractBeanFactory.java:321) ~[spring-beans-5.2.3.RELEASE.jar:5.2.3.RELEASE]
	at org.springframework.beans.factory.support.AbstractBeanFactory.getBean(AbstractBeanFactory.java:202) ~[spring-beans-5.2.3.RELEASE.jar:5.2.3.RELEASE]
	at org.springframework.beans.factory.support.DefaultListableBeanFactory.preInstantiateSingletons(DefaultListableBeanFactory.java:879) ~[spring-beans-5.2.3.RELEASE.jar:5.2.3.RELEASE]
	at org.springframework.context.support.AbstractApplicationContext.finishBeanFactoryInitialization(AbstractApplicationContext.java:878) ~[spring-context-5.2.3.RELEASE.jar:5.2.3.RELEASE]
	at org.springframework.context.support.AbstractApplicationContext.refresh(AbstractApplicationContext.java:550) ~[spring-context-5.2.3.RELEASE.jar:5.2.3.RELEASE]
	at org.springframework.web.servlet.FrameworkServlet.configureAndRefreshWebApplicationContext(FrameworkServlet.java:702) ~[spring-webmvc-5.2.3.RELEASE.jar:5.2.3.RELEASE]
	at org.springframework.web.servlet.FrameworkServlet.initWebApplicationContext(FrameworkServlet.java:578) ~[spring-webmvc-5.2.3.RELEASE.jar:5.2.3.RELEASE]
	at org.springframework.web.servlet.FrameworkServlet.initServletBean(FrameworkServlet.java:530) [spring-webmvc-5.2.3.RELEASE.jar:5.2.3.RELEASE]
	at org.springframework.web.servlet.HttpServletBean.init(HttpServletBean.java:170) [spring-webmvc-5.2.3.RELEASE.jar:5.2.3.RELEASE]
	at javax.servlet.GenericServlet.init(GenericServlet.java:160) [tomcat-embed-core-7.0.47.jar:7.0.47]
	at org.apache.catalina.core.StandardWrapper.initServlet(StandardWrapper.java:1280) [tomcat-embed-core-7.0.47.jar:7.0.47]
	at org.apache.catalina.core.StandardWrapper.allocate(StandardWrapper.java:885) [tomcat-embed-core-7.0.47.jar:7.0.47]
	at org.apache.catalina.core.StandardWrapperValve.invoke(StandardWrapperValve.java:136) [tomcat-embed-core-7.0.47.jar:7.0.47]
	at org.apache.catalina.core.StandardContextValve.invoke(StandardContextValve.java:123) [tomcat-embed-core-7.0.47.jar:7.0.47]
	at org.apache.catalina.authenticator.AuthenticatorBase.invoke(AuthenticatorBase.java:502) [tomcat-embed-core-7.0.47.jar:7.0.47]
	at org.apache.catalina.core.StandardHostValve.invoke(StandardHostValve.java:171) [tomcat-embed-core-7.0.47.jar:7.0.47]
	at org.apache.catalina.valves.ErrorReportValve.invoke(ErrorReportValve.java:100) [tomcat-embed-core-7.0.47.jar:7.0.47]
	at org.apache.catalina.valves.AccessLogValve.invoke(AccessLogValve.java:953) [tomcat-embed-core-7.0.47.jar:7.0.47]
	at org.apache.catalina.core.StandardEngineValve.invoke(StandardEngineValve.java:118) [tomcat-embed-core-7.0.47.jar:7.0.47]
	at org.apache.catalina.connector.CoyoteAdapter.service(CoyoteAdapter.java:408) [tomcat-embed-core-7.0.47.jar:7.0.47]
	at org.apache.coyote.http11.AbstractHttp11Processor.process(AbstractHttp11Processor.java:1041) [tomcat-embed-core-7.0.47.jar:7.0.47]
	at org.apache.coyote.AbstractProtocol$AbstractConnectionHandler.process(AbstractProtocol.java:603) [tomcat-embed-core-7.0.47.jar:7.0.47]
	at org.apache.tomcat.util.net.JIoEndpoint$SocketProcessor.run(JIoEndpoint.java:310) [tomcat-embed-core-7.0.47.jar:7.0.47]
	at java.util.concurrent.ThreadPoolExecutor.runWorker(ThreadPoolExecutor.java:1149) [?:1.8.0_241]
	at java.util.concurrent.ThreadPoolExecutor$Worker.run(ThreadPoolExecutor.java:624) [?:1.8.0_241]
	at java.lang.Thread.run(Thread.java:748) [?:1.8.0_241]
Caused by: org.springframework.beans.factory.BeanNotOfRequiredTypeException: Bean named 'newsServiceJpaImpl' is expected to be of type 'com.epam.lab.service.impl.NewsServiceJpaImpl' but was actually of type 'com.sun.proxy.$Proxy92'
	at org.springframework.beans.factory.support.DefaultListableBeanFactory.doResolveDependency(DefaultListableBeanFactory.java:1297) ~[spring-beans-5.2.3.RELEASE.jar:5.2.3.RELEASE]
	at org.springframework.beans.factory.support.DefaultListableBeanFactory.resolveDependency(DefaultListableBeanFactory.java:1207) ~[spring-beans-5.2.3.RELEASE.jar:5.2.3.RELEASE]
	at org.springframework.beans.factory.support.ConstructorResolver.resolveAutowiredArgument(ConstructorResolver.java:885) ~[spring-beans-5.2.3.RELEASE.jar:5.2.3.RELEASE]
	at org.springframework.beans.factory.support.ConstructorResolver.createArgumentArray(ConstructorResolver.java:789) ~[spring-beans-5.2.3.RELEASE.jar:5.2.3.RELEASE]
	... 33 more
15686ms INFO  servlet.DispatcherServlet - Initializing Servlet 'SpringDispatcher'
15776ms INFO  util.LogHelper - HHH000204: Processing PersistenceUnitInfo [
	name: default
	...]
15781ms INFO  dialect.Dialect - HHH000400: Using dialect: org.hibernate.dialect.PostgreSQL92Dialect
15837ms INFO  internal.LobCreatorBuilderImpl - HHH000421: Disabling contextual LOB creation as hibernate.jdbc.lob.non_contextual_creation is true
15838ms INFO  type.BasicTypeRegistry - HHH000270: Type registration [java.util.UUID] overrides previous : org.hibernate.type.UUIDBinaryType@443135ff
15910ms INFO  jpa.LocalContainerEntityManagerFactoryBean - Initialized JPA EntityManagerFactory for persistence unit 'default'
15943ms WARN  support.AnnotationConfigWebApplicationContext - Exception encountered during context initialization - cancelling refresh attempt: org.springframework.beans.factory.UnsatisfiedDependencyException: Error creating bean with name 'newsController' defined in file [C:\Users\Uladzimir_Redzko\IdeaProjects\JavaLab\NewsManagement\controller\target\classes\com\epam\lab\controller\NewsController.class]: Unsatisfied dependency expressed through constructor parameter 0; nested exception is org.springframework.beans.factory.BeanNotOfRequiredTypeException: Bean named 'newsServiceJpaImpl' is expected to be of type 'com.epam.lab.service.impl.NewsServiceJpaImpl' but was actually of type 'com.sun.proxy.$Proxy92'
15943ms INFO  jpa.LocalContainerEntityManagerFactoryBean - Closing JPA EntityManagerFactory for persistence unit 'default'
15981ms ERROR servlet.DispatcherServlet - Context initialization failed
org.springframework.beans.factory.UnsatisfiedDependencyException: Error creating bean with name 'newsController' defined in file [C:\Users\Uladzimir_Redzko\IdeaProjects\JavaLab\NewsManagement\controller\target\classes\com\epam\lab\controller\NewsController.class]: Unsatisfied dependency expressed through constructor parameter 0; nested exception is org.springframework.beans.factory.BeanNotOfRequiredTypeException: Bean named 'newsServiceJpaImpl' is expected to be of type 'com.epam.lab.service.impl.NewsServiceJpaImpl' but was actually of type 'com.sun.proxy.$Proxy92'
	at org.springframework.beans.factory.support.ConstructorResolver.createArgumentArray(ConstructorResolver.java:798) ~[spring-beans-5.2.3.RELEASE.jar:5.2.3.RELEASE]
	at org.springframework.beans.factory.support.ConstructorResolver.autowireConstructor(ConstructorResolver.java:228) ~[spring-beans-5.2.3.RELEASE.jar:5.2.3.RELEASE]
	at org.springframework.beans.factory.support.AbstractAutowireCapableBeanFactory.autowireConstructor(AbstractAutowireCapableBeanFactory.java:1358) ~[spring-beans-5.2.3.RELEASE.jar:5.2.3.RELEASE]
	at org.springframework.beans.factory.support.AbstractAutowireCapableBeanFactory.createBeanInstance(AbstractAutowireCapableBeanFactory.java:1204) ~[spring-beans-5.2.3.RELEASE.jar:5.2.3.RELEASE]
	at org.springframework.beans.factory.support.AbstractAutowireCapableBeanFactory.doCreateBean(AbstractAutowireCapableBeanFactory.java:557) ~[spring-beans-5.2.3.RELEASE.jar:5.2.3.RELEASE]
	at org.springframework.beans.factory.support.AbstractAutowireCapableBeanFactory.createBean(AbstractAutowireCapableBeanFactory.java:517) ~[spring-beans-5.2.3.RELEASE.jar:5.2.3.RELEASE]
	at org.springframework.beans.factory.support.AbstractBeanFactory.lambda$doGetBean$0(AbstractBeanFactory.java:323) ~[spring-beans-5.2.3.RELEASE.jar:5.2.3.RELEASE]
	at org.springframework.beans.factory.support.DefaultSingletonBeanRegistry.getSingleton(DefaultSingletonBeanRegistry.java:222) ~[spring-beans-5.2.3.RELEASE.jar:5.2.3.RELEASE]
	at org.springframework.beans.factory.support.AbstractBeanFactory.doGetBean(AbstractBeanFactory.java:321) ~[spring-beans-5.2.3.RELEASE.jar:5.2.3.RELEASE]
	at org.springframework.beans.factory.support.AbstractBeanFactory.getBean(AbstractBeanFactory.java:202) ~[spring-beans-5.2.3.RELEASE.jar:5.2.3.RELEASE]
	at org.springframework.beans.factory.support.DefaultListableBeanFactory.preInstantiateSingletons(DefaultListableBeanFactory.java:879) ~[spring-beans-5.2.3.RELEASE.jar:5.2.3.RELEASE]
	at org.springframework.context.support.AbstractApplicationContext.finishBeanFactoryInitialization(AbstractApplicationContext.java:878) ~[spring-context-5.2.3.RELEASE.jar:5.2.3.RELEASE]
	at org.springframework.context.support.AbstractApplicationContext.refresh(AbstractApplicationContext.java:550) ~[spring-context-5.2.3.RELEASE.jar:5.2.3.RELEASE]
	at org.springframework.web.servlet.FrameworkServlet.configureAndRefreshWebApplicationContext(FrameworkServlet.java:702) ~[spring-webmvc-5.2.3.RELEASE.jar:5.2.3.RELEASE]
	at org.springframework.web.servlet.FrameworkServlet.initWebApplicationContext(FrameworkServlet.java:578) ~[spring-webmvc-5.2.3.RELEASE.jar:5.2.3.RELEASE]
	at org.springframework.web.servlet.FrameworkServlet.initServletBean(FrameworkServlet.java:530) [spring-webmvc-5.2.3.RELEASE.jar:5.2.3.RELEASE]
	at org.springframework.web.servlet.HttpServletBean.init(HttpServletBean.java:170) [spring-webmvc-5.2.3.RELEASE.jar:5.2.3.RELEASE]
	at javax.servlet.GenericServlet.init(GenericServlet.java:160) [tomcat-embed-core-7.0.47.jar:7.0.47]
	at org.apache.catalina.core.StandardWrapper.initServlet(StandardWrapper.java:1280) [tomcat-embed-core-7.0.47.jar:7.0.47]
	at org.apache.catalina.core.StandardWrapper.allocate(StandardWrapper.java:885) [tomcat-embed-core-7.0.47.jar:7.0.47]
	at org.apache.catalina.core.StandardWrapperValve.invoke(StandardWrapperValve.java:136) [tomcat-embed-core-7.0.47.jar:7.0.47]
	at org.apache.catalina.core.StandardContextValve.invoke(StandardContextValve.java:123) [tomcat-embed-core-7.0.47.jar:7.0.47]
	at org.apache.catalina.authenticator.AuthenticatorBase.invoke(AuthenticatorBase.java:502) [tomcat-embed-core-7.0.47.jar:7.0.47]
	at org.apache.catalina.core.StandardHostValve.invoke(StandardHostValve.java:171) [tomcat-embed-core-7.0.47.jar:7.0.47]
	at org.apache.catalina.valves.ErrorReportValve.invoke(ErrorReportValve.java:100) [tomcat-embed-core-7.0.47.jar:7.0.47]
	at org.apache.catalina.valves.AccessLogValve.invoke(AccessLogValve.java:953) [tomcat-embed-core-7.0.47.jar:7.0.47]
	at org.apache.catalina.core.StandardEngineValve.invoke(StandardEngineValve.java:118) [tomcat-embed-core-7.0.47.jar:7.0.47]
	at org.apache.catalina.connector.CoyoteAdapter.service(CoyoteAdapter.java:408) [tomcat-embed-core-7.0.47.jar:7.0.47]
	at org.apache.coyote.http11.AbstractHttp11Processor.process(AbstractHttp11Processor.java:1041) [tomcat-embed-core-7.0.47.jar:7.0.47]
	at org.apache.coyote.AbstractProtocol$AbstractConnectionHandler.process(AbstractProtocol.java:603) [tomcat-embed-core-7.0.47.jar:7.0.47]
	at org.apache.tomcat.util.net.JIoEndpoint$SocketProcessor.run(JIoEndpoint.java:310) [tomcat-embed-core-7.0.47.jar:7.0.47]
	at java.util.concurrent.ThreadPoolExecutor.runWorker(ThreadPoolExecutor.java:1149) [?:1.8.0_241]
	at java.util.concurrent.ThreadPoolExecutor$Worker.run(ThreadPoolExecutor.java:624) [?:1.8.0_241]
	at java.lang.Thread.run(Thread.java:748) [?:1.8.0_241]
Caused by: org.springframework.beans.factory.BeanNotOfRequiredTypeException: Bean named 'newsServiceJpaImpl' is expected to be of type 'com.epam.lab.service.impl.NewsServiceJpaImpl' but was actually of type 'com.sun.proxy.$Proxy92'
	at org.springframework.beans.factory.support.DefaultListableBeanFactory.doResolveDependency(DefaultListableBeanFactory.java:1297) ~[spring-beans-5.2.3.RELEASE.jar:5.2.3.RELEASE]
	at org.springframework.beans.factory.support.DefaultListableBeanFactory.resolveDependency(DefaultListableBeanFactory.java:1207) ~[spring-beans-5.2.3.RELEASE.jar:5.2.3.RELEASE]
	at org.springframework.beans.factory.support.ConstructorResolver.resolveAutowiredArgument(ConstructorResolver.java:885) ~[spring-beans-5.2.3.RELEASE.jar:5.2.3.RELEASE]
	at org.springframework.beans.factory.support.ConstructorResolver.createArgumentArray(ConstructorResolver.java:789) ~[spring-beans-5.2.3.RELEASE.jar:5.2.3.RELEASE]
	... 33 more
138949ms INFO  servlet.DispatcherServlet - Initializing Servlet 'SpringDispatcher'
139043ms INFO  util.LogHelper - HHH000204: Processing PersistenceUnitInfo [
	name: default
	...]
139050ms INFO  dialect.Dialect - HHH000400: Using dialect: org.hibernate.dialect.PostgreSQL92Dialect
139108ms INFO  internal.LobCreatorBuilderImpl - HHH000421: Disabling contextual LOB creation as hibernate.jdbc.lob.non_contextual_creation is true
139108ms INFO  type.BasicTypeRegistry - HHH000270: Type registration [java.util.UUID] overrides previous : org.hibernate.type.UUIDBinaryType@443135ff
139184ms INFO  jpa.LocalContainerEntityManagerFactoryBean - Initialized JPA EntityManagerFactory for persistence unit 'default'
139220ms WARN  support.AnnotationConfigWebApplicationContext - Exception encountered during context initialization - cancelling refresh attempt: org.springframework.beans.factory.UnsatisfiedDependencyException: Error creating bean with name 'newsController' defined in file [C:\Users\Uladzimir_Redzko\IdeaProjects\JavaLab\NewsManagement\controller\target\classes\com\epam\lab\controller\NewsController.class]: Unsatisfied dependency expressed through constructor parameter 0; nested exception is org.springframework.beans.factory.BeanNotOfRequiredTypeException: Bean named 'newsServiceJpaImpl' is expected to be of type 'com.epam.lab.service.impl.NewsServiceJpaImpl' but was actually of type 'com.sun.proxy.$Proxy92'
139221ms INFO  jpa.LocalContainerEntityManagerFactoryBean - Closing JPA EntityManagerFactory for persistence unit 'default'
139269ms ERROR servlet.DispatcherServlet - Context initialization failed
org.springframework.beans.factory.UnsatisfiedDependencyException: Error creating bean with name 'newsController' defined in file [C:\Users\Uladzimir_Redzko\IdeaProjects\JavaLab\NewsManagement\controller\target\classes\com\epam\lab\controller\NewsController.class]: Unsatisfied dependency expressed through constructor parameter 0; nested exception is org.springframework.beans.factory.BeanNotOfRequiredTypeException: Bean named 'newsServiceJpaImpl' is expected to be of type 'com.epam.lab.service.impl.NewsServiceJpaImpl' but was actually of type 'com.sun.proxy.$Proxy92'
	at org.springframework.beans.factory.support.ConstructorResolver.createArgumentArray(ConstructorResolver.java:798) ~[spring-beans-5.2.3.RELEASE.jar:5.2.3.RELEASE]
	at org.springframework.beans.factory.support.ConstructorResolver.autowireConstructor(ConstructorResolver.java:228) ~[spring-beans-5.2.3.RELEASE.jar:5.2.3.RELEASE]
	at org.springframework.beans.factory.support.AbstractAutowireCapableBeanFactory.autowireConstructor(AbstractAutowireCapableBeanFactory.java:1358) ~[spring-beans-5.2.3.RELEASE.jar:5.2.3.RELEASE]
	at org.springframework.beans.factory.support.AbstractAutowireCapableBeanFactory.createBeanInstance(AbstractAutowireCapableBeanFactory.java:1204) ~[spring-beans-5.2.3.RELEASE.jar:5.2.3.RELEASE]
	at org.springframework.beans.factory.support.AbstractAutowireCapableBeanFactory.doCreateBean(AbstractAutowireCapableBeanFactory.java:557) ~[spring-beans-5.2.3.RELEASE.jar:5.2.3.RELEASE]
	at org.springframework.beans.factory.support.AbstractAutowireCapableBeanFactory.createBean(AbstractAutowireCapableBeanFactory.java:517) ~[spring-beans-5.2.3.RELEASE.jar:5.2.3.RELEASE]
	at org.springframework.beans.factory.support.AbstractBeanFactory.lambda$doGetBean$0(AbstractBeanFactory.java:323) ~[spring-beans-5.2.3.RELEASE.jar:5.2.3.RELEASE]
	at org.springframework.beans.factory.support.DefaultSingletonBeanRegistry.getSingleton(DefaultSingletonBeanRegistry.java:222) ~[spring-beans-5.2.3.RELEASE.jar:5.2.3.RELEASE]
	at org.springframework.beans.factory.support.AbstractBeanFactory.doGetBean(AbstractBeanFactory.java:321) ~[spring-beans-5.2.3.RELEASE.jar:5.2.3.RELEASE]
	at org.springframework.beans.factory.support.AbstractBeanFactory.getBean(AbstractBeanFactory.java:202) ~[spring-beans-5.2.3.RELEASE.jar:5.2.3.RELEASE]
	at org.springframework.beans.factory.support.DefaultListableBeanFactory.preInstantiateSingletons(DefaultListableBeanFactory.java:879) ~[spring-beans-5.2.3.RELEASE.jar:5.2.3.RELEASE]
	at org.springframework.context.support.AbstractApplicationContext.finishBeanFactoryInitialization(AbstractApplicationContext.java:878) ~[spring-context-5.2.3.RELEASE.jar:5.2.3.RELEASE]
	at org.springframework.context.support.AbstractApplicationContext.refresh(AbstractApplicationContext.java:550) ~[spring-context-5.2.3.RELEASE.jar:5.2.3.RELEASE]
	at org.springframework.web.servlet.FrameworkServlet.configureAndRefreshWebApplicationContext(FrameworkServlet.java:702) ~[spring-webmvc-5.2.3.RELEASE.jar:5.2.3.RELEASE]
	at org.springframework.web.servlet.FrameworkServlet.initWebApplicationContext(FrameworkServlet.java:578) ~[spring-webmvc-5.2.3.RELEASE.jar:5.2.3.RELEASE]
	at org.springframework.web.servlet.FrameworkServlet.initServletBean(FrameworkServlet.java:530) [spring-webmvc-5.2.3.RELEASE.jar:5.2.3.RELEASE]
	at org.springframework.web.servlet.HttpServletBean.init(HttpServletBean.java:170) [spring-webmvc-5.2.3.RELEASE.jar:5.2.3.RELEASE]
	at javax.servlet.GenericServlet.init(GenericServlet.java:160) [tomcat-embed-core-7.0.47.jar:7.0.47]
	at org.apache.catalina.core.StandardWrapper.initServlet(StandardWrapper.java:1280) [tomcat-embed-core-7.0.47.jar:7.0.47]
	at org.apache.catalina.core.StandardWrapper.allocate(StandardWrapper.java:885) [tomcat-embed-core-7.0.47.jar:7.0.47]
	at org.apache.catalina.core.StandardWrapperValve.invoke(StandardWrapperValve.java:136) [tomcat-embed-core-7.0.47.jar:7.0.47]
	at org.apache.catalina.core.StandardContextValve.invoke(StandardContextValve.java:123) [tomcat-embed-core-7.0.47.jar:7.0.47]
	at org.apache.catalina.authenticator.AuthenticatorBase.invoke(AuthenticatorBase.java:502) [tomcat-embed-core-7.0.47.jar:7.0.47]
	at org.apache.catalina.core.StandardHostValve.invoke(StandardHostValve.java:171) [tomcat-embed-core-7.0.47.jar:7.0.47]
	at org.apache.catalina.valves.ErrorReportValve.invoke(ErrorReportValve.java:100) [tomcat-embed-core-7.0.47.jar:7.0.47]
	at org.apache.catalina.valves.AccessLogValve.invoke(AccessLogValve.java:953) [tomcat-embed-core-7.0.47.jar:7.0.47]
	at org.apache.catalina.core.StandardEngineValve.invoke(StandardEngineValve.java:118) [tomcat-embed-core-7.0.47.jar:7.0.47]
	at org.apache.catalina.connector.CoyoteAdapter.service(CoyoteAdapter.java:408) [tomcat-embed-core-7.0.47.jar:7.0.47]
	at org.apache.coyote.http11.AbstractHttp11Processor.process(AbstractHttp11Processor.java:1041) [tomcat-embed-core-7.0.47.jar:7.0.47]
	at org.apache.coyote.AbstractProtocol$AbstractConnectionHandler.process(AbstractProtocol.java:603) [tomcat-embed-core-7.0.47.jar:7.0.47]
	at org.apache.tomcat.util.net.JIoEndpoint$SocketProcessor.run(JIoEndpoint.java:310) [tomcat-embed-core-7.0.47.jar:7.0.47]
	at java.util.concurrent.ThreadPoolExecutor.runWorker(ThreadPoolExecutor.java:1149) [?:1.8.0_241]
	at java.util.concurrent.ThreadPoolExecutor$Worker.run(ThreadPoolExecutor.java:624) [?:1.8.0_241]
	at java.lang.Thread.run(Thread.java:748) [?:1.8.0_241]
Caused by: org.springframework.beans.factory.BeanNotOfRequiredTypeException: Bean named 'newsServiceJpaImpl' is expected to be of type 'com.epam.lab.service.impl.NewsServiceJpaImpl' but was actually of type 'com.sun.proxy.$Proxy92'
	at org.springframework.beans.factory.support.DefaultListableBeanFactory.doResolveDependency(DefaultListableBeanFactory.java:1297) ~[spring-beans-5.2.3.RELEASE.jar:5.2.3.RELEASE]
	at org.springframework.beans.factory.support.DefaultListableBeanFactory.resolveDependency(DefaultListableBeanFactory.java:1207) ~[spring-beans-5.2.3.RELEASE.jar:5.2.3.RELEASE]
	at org.springframework.beans.factory.support.ConstructorResolver.resolveAutowiredArgument(ConstructorResolver.java:885) ~[spring-beans-5.2.3.RELEASE.jar:5.2.3.RELEASE]
	at org.springframework.beans.factory.support.ConstructorResolver.createArgumentArray(ConstructorResolver.java:789) ~[spring-beans-5.2.3.RELEASE.jar:5.2.3.RELEASE]
	... 33 more
7813ms INFO  servlet.DispatcherServlet - Initializing Servlet 'SpringDispatcher'
8650ms INFO  util.LogHelper - HHH000204: Processing PersistenceUnitInfo [
	name: default
	...]
8743ms INFO  hibernate.Version - HHH000412: Hibernate Core {5.3.2.Final}
8745ms INFO  cfg.Environment - HHH000206: hibernate.properties not found
8853ms INFO  common.Version - HCANN000001: Hibernate Commons Annotations {5.0.4.Final}
9061ms INFO  dialect.Dialect - HHH000400: Using dialect: org.hibernate.dialect.PostgreSQL92Dialect
9166ms INFO  internal.LobCreatorBuilderImpl - HHH000421: Disabling contextual LOB creation as hibernate.jdbc.lob.non_contextual_creation is true
9174ms INFO  type.BasicTypeRegistry - HHH000270: Type registration [java.util.UUID] overrides previous : org.hibernate.type.UUIDBinaryType@3c33946b
9927ms INFO  jpa.LocalContainerEntityManagerFactoryBean - Initialized JPA EntityManagerFactory for persistence unit 'default'
10763ms INFO  servlet.DispatcherServlet - Completed initialization in 2945 ms
15177ms INFO  internal.QueryTranslatorFactoryInitiator - HHH000397: Using ASTQueryTranslatorFactory
9160ms INFO  servlet.DispatcherServlet - Initializing Servlet 'SpringDispatcher'
10308ms INFO  util.LogHelper - HHH000204: Processing PersistenceUnitInfo [
	name: default
	...]
10431ms INFO  hibernate.Version - HHH000412: Hibernate Core {5.3.2.Final}
10433ms INFO  cfg.Environment - HHH000206: hibernate.properties not found
10569ms INFO  common.Version - HCANN000001: Hibernate Commons Annotations {5.0.4.Final}
10823ms INFO  dialect.Dialect - HHH000400: Using dialect: org.hibernate.dialect.PostgreSQL92Dialect
10939ms INFO  internal.LobCreatorBuilderImpl - HHH000421: Disabling contextual LOB creation as hibernate.jdbc.lob.non_contextual_creation is true
10955ms INFO  type.BasicTypeRegistry - HHH000270: Type registration [java.util.UUID] overrides previous : org.hibernate.type.UUIDBinaryType@4bdada2a
11883ms INFO  jpa.LocalContainerEntityManagerFactoryBean - Initialized JPA EntityManagerFactory for persistence unit 'default'
13158ms INFO  servlet.DispatcherServlet - Completed initialization in 3990 ms
33368ms INFO  internal.QueryTranslatorFactoryInitiator - HHH000397: Using ASTQueryTranslatorFactory
10191ms INFO  servlet.DispatcherServlet - Initializing Servlet 'SpringDispatcher'
11044ms INFO  util.LogHelper - HHH000204: Processing PersistenceUnitInfo [
	name: default
	...]
11148ms INFO  hibernate.Version - HHH000412: Hibernate Core {5.3.2.Final}
11150ms INFO  cfg.Environment - HHH000206: hibernate.properties not found
11268ms INFO  common.Version - HCANN000001: Hibernate Commons Annotations {5.0.4.Final}
11497ms INFO  dialect.Dialect - HHH000400: Using dialect: org.hibernate.dialect.PostgreSQL92Dialect
11603ms INFO  internal.LobCreatorBuilderImpl - HHH000421: Disabling contextual LOB creation as hibernate.jdbc.lob.non_contextual_creation is true
11612ms INFO  type.BasicTypeRegistry - HHH000270: Type registration [java.util.UUID] overrides previous : org.hibernate.type.UUIDBinaryType@69d1ded5
12351ms INFO  jpa.LocalContainerEntityManagerFactoryBean - Initialized JPA EntityManagerFactory for persistence unit 'default'
13239ms INFO  servlet.DispatcherServlet - Completed initialization in 3041 ms
16932ms INFO  internal.QueryTranslatorFactoryInitiator - HHH000397: Using ASTQueryTranslatorFactory
9827ms INFO  servlet.DispatcherServlet - Initializing Servlet 'SpringDispatcher'
11063ms INFO  util.LogHelper - HHH000204: Processing PersistenceUnitInfo [
	name: default
	...]
11164ms INFO  hibernate.Version - HHH000412: Hibernate Core {5.3.2.Final}
11167ms INFO  cfg.Environment - HHH000206: hibernate.properties not found
11318ms INFO  common.Version - HCANN000001: Hibernate Commons Annotations {5.0.4.Final}
11622ms INFO  dialect.Dialect - HHH000400: Using dialect: org.hibernate.dialect.PostgreSQL92Dialect
11747ms INFO  internal.LobCreatorBuilderImpl - HHH000421: Disabling contextual LOB creation as hibernate.jdbc.lob.non_contextual_creation is true
11762ms INFO  type.BasicTypeRegistry - HHH000270: Type registration [java.util.UUID] overrides previous : org.hibernate.type.UUIDBinaryType@23fb0228
12714ms INFO  jpa.LocalContainerEntityManagerFactoryBean - Initialized JPA EntityManagerFactory for persistence unit 'default'
13997ms INFO  servlet.DispatcherServlet - Completed initialization in 4161 ms
9318ms INFO  servlet.DispatcherServlet - Initializing Servlet 'SpringDispatcher'
10435ms INFO  util.LogHelper - HHH000204: Processing PersistenceUnitInfo [
	name: default
	...]
10550ms INFO  hibernate.Version - HHH000412: Hibernate Core {5.3.2.Final}
10554ms INFO  cfg.Environment - HHH000206: hibernate.properties not found
10688ms INFO  common.Version - HCANN000001: Hibernate Commons Annotations {5.0.4.Final}
10958ms INFO  dialect.Dialect - HHH000400: Using dialect: org.hibernate.dialect.PostgreSQL92Dialect
11086ms INFO  internal.LobCreatorBuilderImpl - HHH000421: Disabling contextual LOB creation as hibernate.jdbc.lob.non_contextual_creation is true
11099ms INFO  type.BasicTypeRegistry - HHH000270: Type registration [java.util.UUID] overrides previous : org.hibernate.type.UUIDBinaryType@26657b03
12039ms INFO  jpa.LocalContainerEntityManagerFactoryBean - Initialized JPA EntityManagerFactory for persistence unit 'default'
13310ms INFO  servlet.DispatcherServlet - Completed initialization in 3983 ms
16287ms INFO  internal.QueryTranslatorFactoryInitiator - HHH000397: Using ASTQueryTranslatorFactory
8953ms INFO  servlet.DispatcherServlet - Initializing Servlet 'SpringDispatcher'
10117ms INFO  util.LogHelper - HHH000204: Processing PersistenceUnitInfo [
	name: default
	...]
10224ms INFO  hibernate.Version - HHH000412: Hibernate Core {5.3.2.Final}
10227ms INFO  cfg.Environment - HHH000206: hibernate.properties not found
10384ms INFO  common.Version - HCANN000001: Hibernate Commons Annotations {5.0.4.Final}
10646ms INFO  dialect.Dialect - HHH000400: Using dialect: org.hibernate.dialect.PostgreSQL92Dialect
10764ms INFO  internal.LobCreatorBuilderImpl - HHH000421: Disabling contextual LOB creation as hibernate.jdbc.lob.non_contextual_creation is true
10777ms INFO  type.BasicTypeRegistry - HHH000270: Type registration [java.util.UUID] overrides previous : org.hibernate.type.UUIDBinaryType@4a6bef95
11726ms INFO  jpa.LocalContainerEntityManagerFactoryBean - Initialized JPA EntityManagerFactory for persistence unit 'default'
13024ms INFO  servlet.DispatcherServlet - Completed initialization in 4063 ms
8343ms INFO  servlet.DispatcherServlet - Initializing Servlet 'SpringDispatcher'
9183ms INFO  util.LogHelper - HHH000204: Processing PersistenceUnitInfo [
	name: default
	...]
9295ms INFO  hibernate.Version - HHH000412: Hibernate Core {5.3.2.Final}
9297ms INFO  cfg.Environment - HHH000206: hibernate.properties not found
9418ms INFO  common.Version - HCANN000001: Hibernate Commons Annotations {5.0.4.Final}
9653ms INFO  dialect.Dialect - HHH000400: Using dialect: org.hibernate.dialect.PostgreSQL92Dialect
9760ms INFO  internal.LobCreatorBuilderImpl - HHH000421: Disabling contextual LOB creation as hibernate.jdbc.lob.non_contextual_creation is true
9769ms INFO  type.BasicTypeRegistry - HHH000270: Type registration [java.util.UUID] overrides previous : org.hibernate.type.UUIDBinaryType@5ed8d043
10532ms INFO  jpa.LocalContainerEntityManagerFactoryBean - Initialized JPA EntityManagerFactory for persistence unit 'default'
11340ms INFO  servlet.DispatcherServlet - Completed initialization in 2992 ms
9081ms INFO  servlet.DispatcherServlet - Initializing Servlet 'SpringDispatcher'
10240ms INFO  util.LogHelper - HHH000204: Processing PersistenceUnitInfo [
	name: default
	...]
10363ms INFO  hibernate.Version - HHH000412: Hibernate Core {5.3.2.Final}
10365ms INFO  cfg.Environment - HHH000206: hibernate.properties not found
10506ms INFO  common.Version - HCANN000001: Hibernate Commons Annotations {5.0.4.Final}
10819ms INFO  dialect.Dialect - HHH000400: Using dialect: org.hibernate.dialect.PostgreSQL92Dialect
10942ms INFO  internal.LobCreatorBuilderImpl - HHH000421: Disabling contextual LOB creation as hibernate.jdbc.lob.non_contextual_creation is true
10963ms INFO  type.BasicTypeRegistry - HHH000270: Type registration [java.util.UUID] overrides previous : org.hibernate.type.UUIDBinaryType@5f42aa5b
12066ms INFO  jpa.LocalContainerEntityManagerFactoryBean - Initialized JPA EntityManagerFactory for persistence unit 'default'
13223ms INFO  servlet.DispatcherServlet - Completed initialization in 4134 ms
8299ms INFO  servlet.DispatcherServlet - Initializing Servlet 'SpringDispatcher'
9096ms INFO  util.LogHelper - HHH000204: Processing PersistenceUnitInfo [
	name: default
	...]
9193ms INFO  hibernate.Version - HHH000412: Hibernate Core {5.3.2.Final}
9197ms INFO  cfg.Environment - HHH000206: hibernate.properties not found
9320ms INFO  common.Version - HCANN000001: Hibernate Commons Annotations {5.0.4.Final}
9560ms INFO  dialect.Dialect - HHH000400: Using dialect: org.hibernate.dialect.PostgreSQL92Dialect
9670ms INFO  internal.LobCreatorBuilderImpl - HHH000421: Disabling contextual LOB creation as hibernate.jdbc.lob.non_contextual_creation is true
9679ms INFO  type.BasicTypeRegistry - HHH000270: Type registration [java.util.UUID] overrides previous : org.hibernate.type.UUIDBinaryType@5b636bef
10455ms INFO  jpa.LocalContainerEntityManagerFactoryBean - Initialized JPA EntityManagerFactory for persistence unit 'default'
11271ms INFO  servlet.DispatcherServlet - Completed initialization in 2966 ms
22111ms INFO  internal.QueryTranslatorFactoryInitiator - HHH000397: Using ASTQueryTranslatorFactory
10019ms INFO  servlet.DispatcherServlet - Initializing Servlet 'SpringDispatcher'
11260ms INFO  util.LogHelper - HHH000204: Processing PersistenceUnitInfo [
	name: default
	...]
11374ms INFO  hibernate.Version - HHH000412: Hibernate Core {5.3.2.Final}
11377ms INFO  cfg.Environment - HHH000206: hibernate.properties not found
11518ms INFO  common.Version - HCANN000001: Hibernate Commons Annotations {5.0.4.Final}
11797ms INFO  dialect.Dialect - HHH000400: Using dialect: org.hibernate.dialect.PostgreSQL92Dialect
11930ms INFO  internal.LobCreatorBuilderImpl - HHH000421: Disabling contextual LOB creation as hibernate.jdbc.lob.non_contextual_creation is true
11946ms INFO  type.BasicTypeRegistry - HHH000270: Type registration [java.util.UUID] overrides previous : org.hibernate.type.UUIDBinaryType@5cd3e526
13101ms INFO  jpa.LocalContainerEntityManagerFactoryBean - Initialized JPA EntityManagerFactory for persistence unit 'default'
14524ms INFO  servlet.DispatcherServlet - Completed initialization in 4497 ms
18151ms INFO  internal.QueryTranslatorFactoryInitiator - HHH000397: Using ASTQueryTranslatorFactory
10101ms INFO  servlet.DispatcherServlet - Initializing Servlet 'SpringDispatcher'
10944ms INFO  util.LogHelper - HHH000204: Processing PersistenceUnitInfo [
	name: default
	...]
11048ms INFO  hibernate.Version - HHH000412: Hibernate Core {5.3.2.Final}
11050ms INFO  cfg.Environment - HHH000206: hibernate.properties not found
11173ms INFO  common.Version - HCANN000001: Hibernate Commons Annotations {5.0.4.Final}
11437ms INFO  dialect.Dialect - HHH000400: Using dialect: org.hibernate.dialect.PostgreSQL92Dialect
11548ms INFO  internal.LobCreatorBuilderImpl - HHH000421: Disabling contextual LOB creation as hibernate.jdbc.lob.non_contextual_creation is true
11557ms INFO  type.BasicTypeRegistry - HHH000270: Type registration [java.util.UUID] overrides previous : org.hibernate.type.UUIDBinaryType@3a313fb2
12292ms INFO  jpa.LocalContainerEntityManagerFactoryBean - Initialized JPA EntityManagerFactory for persistence unit 'default'
13127ms INFO  servlet.DispatcherServlet - Completed initialization in 3020 ms
16661ms INFO  internal.QueryTranslatorFactoryInitiator - HHH000397: Using ASTQueryTranslatorFactory
10621ms INFO  servlet.DispatcherServlet - Initializing Servlet 'SpringDispatcher'
11324ms INFO  util.LogHelper - HHH000204: Processing PersistenceUnitInfo [
	name: default
	...]
11414ms INFO  hibernate.Version - HHH000412: Hibernate Core {5.3.2.Final}
11416ms INFO  cfg.Environment - HHH000206: hibernate.properties not found
11514ms INFO  common.Version - HCANN000001: Hibernate Commons Annotations {5.0.4.Final}
11699ms INFO  dialect.Dialect - HHH000400: Using dialect: org.hibernate.dialect.PostgreSQL92Dialect
11804ms INFO  internal.LobCreatorBuilderImpl - HHH000421: Disabling contextual LOB creation as hibernate.jdbc.lob.non_contextual_creation is true
11815ms INFO  type.BasicTypeRegistry - HHH000270: Type registration [java.util.UUID] overrides previous : org.hibernate.type.UUIDBinaryType@2a6a761e
12519ms INFO  jpa.LocalContainerEntityManagerFactoryBean - Initialized JPA EntityManagerFactory for persistence unit 'default'
13287ms INFO  servlet.DispatcherServlet - Completed initialization in 2660 ms
29066ms INFO  internal.QueryTranslatorFactoryInitiator - HHH000397: Using ASTQueryTranslatorFactory
