8945ms INFO  servlet.DispatcherServlet - Initializing Servlet 'SpringDispatcher'
9924ms INFO  util.LogHelper - HHH000204: Processing PersistenceUnitInfo [
	name: default
	...]
10011ms INFO  hibernate.Version - HHH000412: Hibernate Core {5.3.2.Final}
10013ms INFO  cfg.Environment - HHH000206: hibernate.properties not found
10136ms INFO  common.Version - HCANN000001: Hibernate Commons Annotations {5.0.4.Final}
10355ms INFO  dialect.Dialect - HHH000400: Using dialect: org.hibernate.dialect.PostgreSQL92Dialect
10505ms INFO  internal.LobCreatorBuilderImpl - HHH000424: Disabling contextual LOB creation as createClob() method threw error : java.lang.reflect.InvocationTargetException
10515ms INFO  type.BasicTypeRegistry - HHH000270: Type registration [java.util.UUID] overrides previous : org.hibernate.type.UUIDBinaryType@61a5b3c
10788ms INFO  jpa.LocalContainerEntityManagerFactoryBean - Initialized JPA EntityManagerFactory for persistence unit 'default'
11613ms INFO  servlet.DispatcherServlet - Completed initialization in 2655 ms
9060ms INFO  servlet.DispatcherServlet - Initializing Servlet 'SpringDispatcher'
10120ms INFO  util.LogHelper - HHH000204: Processing PersistenceUnitInfo [
	name: default
	...]
10224ms INFO  hibernate.Version - HHH000412: Hibernate Core {5.3.2.Final}
10227ms INFO  cfg.Environment - HHH000206: hibernate.properties not found
10356ms INFO  common.Version - HCANN000001: Hibernate Commons Annotations {5.0.4.Final}
10651ms INFO  dialect.Dialect - HHH000400: Using dialect: org.hibernate.dialect.PostgreSQL92Dialect
10807ms INFO  internal.LobCreatorBuilderImpl - HHH000424: Disabling contextual LOB creation as createClob() method threw error : java.lang.reflect.InvocationTargetException
10815ms INFO  type.BasicTypeRegistry - HHH000270: Type registration [java.util.UUID] overrides previous : org.hibernate.type.UUIDBinaryType@c854dfb
11140ms INFO  jpa.LocalContainerEntityManagerFactoryBean - Initialized JPA EntityManagerFactory for persistence unit 'default'
11944ms INFO  servlet.DispatcherServlet - Completed initialization in 2879 ms
8786ms INFO  servlet.DispatcherServlet - Initializing Servlet 'SpringDispatcher'
9686ms INFO  util.LogHelper - HHH000204: Processing PersistenceUnitInfo [
	name: default
	...]
9784ms INFO  hibernate.Version - HHH000412: Hibernate Core {5.3.2.Final}
9786ms INFO  cfg.Environment - HHH000206: hibernate.properties not found
9897ms INFO  common.Version - HCANN000001: Hibernate Commons Annotations {5.0.4.Final}
10145ms INFO  dialect.Dialect - HHH000400: Using dialect: org.hibernate.dialect.PostgreSQL92Dialect
10280ms INFO  internal.LobCreatorBuilderImpl - HHH000424: Disabling contextual LOB creation as createClob() method threw error : java.lang.reflect.InvocationTargetException
10287ms INFO  type.BasicTypeRegistry - HHH000270: Type registration [java.util.UUID] overrides previous : org.hibernate.type.UUIDBinaryType@20e83cc0
10566ms INFO  jpa.LocalContainerEntityManagerFactoryBean - Initialized JPA EntityManagerFactory for persistence unit 'default'
11323ms INFO  servlet.DispatcherServlet - Completed initialization in 2531 ms
8955ms INFO  servlet.DispatcherServlet - Initializing Servlet 'SpringDispatcher'
9949ms INFO  util.LogHelper - HHH000204: Processing PersistenceUnitInfo [
	name: default
	...]
10038ms INFO  hibernate.Version - HHH000412: Hibernate Core {5.3.2.Final}
10040ms INFO  cfg.Environment - HHH000206: hibernate.properties not found
10143ms INFO  common.Version - HCANN000001: Hibernate Commons Annotations {5.0.4.Final}
10344ms INFO  dialect.Dialect - HHH000400: Using dialect: org.hibernate.dialect.PostgreSQL92Dialect
10472ms INFO  internal.LobCreatorBuilderImpl - HHH000424: Disabling contextual LOB creation as createClob() method threw error : java.lang.reflect.InvocationTargetException
10478ms INFO  type.BasicTypeRegistry - HHH000270: Type registration [java.util.UUID] overrides previous : org.hibernate.type.UUIDBinaryType@2b9a7685
10692ms INFO  jpa.LocalContainerEntityManagerFactoryBean - Initialized JPA EntityManagerFactory for persistence unit 'default'
11309ms INFO  servlet.DispatcherServlet - Completed initialization in 2348 ms
8863ms INFO  servlet.DispatcherServlet - Initializing Servlet 'SpringDispatcher'
9837ms INFO  util.LogHelper - HHH000204: Processing PersistenceUnitInfo [
	name: default
	...]
9919ms INFO  hibernate.Version - HHH000412: Hibernate Core {5.3.2.Final}
9921ms INFO  cfg.Environment - HHH000206: hibernate.properties not found
10016ms INFO  common.Version - HCANN000001: Hibernate Commons Annotations {5.0.4.Final}
10212ms INFO  dialect.Dialect - HHH000400: Using dialect: org.hibernate.dialect.PostgreSQL92Dialect
10341ms INFO  internal.LobCreatorBuilderImpl - HHH000421: Disabling contextual LOB creation as hibernate.jdbc.lob.non_contextual_creation is true
10351ms INFO  type.BasicTypeRegistry - HHH000270: Type registration [java.util.UUID] overrides previous : org.hibernate.type.UUIDBinaryType@7a9ee0f2
10545ms INFO  jpa.LocalContainerEntityManagerFactoryBean - Initialized JPA EntityManagerFactory for persistence unit 'default'
11108ms INFO  servlet.DispatcherServlet - Completed initialization in 2240 ms
9165ms INFO  servlet.DispatcherServlet - Initializing Servlet 'SpringDispatcher'
10144ms INFO  util.LogHelper - HHH000204: Processing PersistenceUnitInfo [
	name: default
	...]
10250ms INFO  hibernate.Version - HHH000412: Hibernate Core {5.3.2.Final}
10252ms INFO  cfg.Environment - HHH000206: hibernate.properties not found
10383ms INFO  common.Version - HCANN000001: Hibernate Commons Annotations {5.0.4.Final}
10781ms INFO  dialect.Dialect - HHH000400: Using dialect: org.hibernate.dialect.PostgreSQL92Dialect
10916ms INFO  internal.LobCreatorBuilderImpl - HHH000421: Disabling contextual LOB creation as hibernate.jdbc.lob.non_contextual_creation is true
10925ms INFO  type.BasicTypeRegistry - HHH000270: Type registration [java.util.UUID] overrides previous : org.hibernate.type.UUIDBinaryType@59deccd8
11188ms INFO  jpa.LocalContainerEntityManagerFactoryBean - Initialized JPA EntityManagerFactory for persistence unit 'default'
11871ms INFO  servlet.DispatcherServlet - Completed initialization in 2701 ms
9736ms INFO  servlet.DispatcherServlet - Initializing Servlet 'SpringDispatcher'
10659ms INFO  util.LogHelper - HHH000204: Processing PersistenceUnitInfo [
	name: default
	...]
10747ms INFO  hibernate.Version - HHH000412: Hibernate Core {5.3.2.Final}
10749ms INFO  cfg.Environment - HHH000206: hibernate.properties not found
10859ms INFO  common.Version - HCANN000001: Hibernate Commons Annotations {5.0.4.Final}
11074ms INFO  dialect.Dialect - HHH000400: Using dialect: org.hibernate.dialect.PostgreSQL92Dialect
11214ms INFO  internal.LobCreatorBuilderImpl - HHH000421: Disabling contextual LOB creation as hibernate.jdbc.lob.non_contextual_creation is true
11228ms INFO  type.BasicTypeRegistry - HHH000270: Type registration [java.util.UUID] overrides previous : org.hibernate.type.UUIDBinaryType@afb29cf
11490ms INFO  jpa.LocalContainerEntityManagerFactoryBean - Initialized JPA EntityManagerFactory for persistence unit 'default'
12100ms INFO  servlet.DispatcherServlet - Completed initialization in 2359 ms
12595ms INFO  servlet.DispatcherServlet - Initializing Servlet 'SpringDispatcher'
13845ms INFO  util.LogHelper - HHH000204: Processing PersistenceUnitInfo [
	name: default
	...]
13939ms INFO  hibernate.Version - HHH000412: Hibernate Core {5.3.2.Final}
13941ms INFO  cfg.Environment - HHH000206: hibernate.properties not found
14045ms INFO  common.Version - HCANN000001: Hibernate Commons Annotations {5.0.4.Final}
14283ms INFO  dialect.Dialect - HHH000400: Using dialect: org.hibernate.dialect.PostgreSQL92Dialect
14408ms INFO  internal.LobCreatorBuilderImpl - HHH000421: Disabling contextual LOB creation as hibernate.jdbc.lob.non_contextual_creation is true
14417ms INFO  type.BasicTypeRegistry - HHH000270: Type registration [java.util.UUID] overrides previous : org.hibernate.type.UUIDBinaryType@5406390f
14625ms INFO  jpa.LocalContainerEntityManagerFactoryBean - Initialized JPA EntityManagerFactory for persistence unit 'default'
15423ms INFO  servlet.DispatcherServlet - Completed initialization in 2818 ms
11060ms INFO  servlet.DispatcherServlet - Initializing Servlet 'SpringDispatcher'
12107ms INFO  util.LogHelper - HHH000204: Processing PersistenceUnitInfo [
	name: default
	...]
12227ms INFO  hibernate.Version - HHH000412: Hibernate Core {5.3.2.Final}
12231ms INFO  cfg.Environment - HHH000206: hibernate.properties not found
12530ms INFO  common.Version - HCANN000001: Hibernate Commons Annotations {5.0.4.Final}
12840ms INFO  dialect.Dialect - HHH000400: Using dialect: org.hibernate.dialect.PostgreSQL92Dialect
13000ms INFO  internal.LobCreatorBuilderImpl - HHH000421: Disabling contextual LOB creation as hibernate.jdbc.lob.non_contextual_creation is true
13020ms INFO  type.BasicTypeRegistry - HHH000270: Type registration [java.util.UUID] overrides previous : org.hibernate.type.UUIDBinaryType@3175d613
13380ms INFO  jpa.LocalContainerEntityManagerFactoryBean - Initialized JPA EntityManagerFactory for persistence unit 'default'
14065ms INFO  servlet.DispatcherServlet - Completed initialization in 2999 ms
8704ms INFO  servlet.DispatcherServlet - Initializing Servlet 'SpringDispatcher'
9632ms INFO  util.LogHelper - HHH000204: Processing PersistenceUnitInfo [
	name: default
	...]
9718ms INFO  hibernate.Version - HHH000412: Hibernate Core {5.3.2.Final}
9720ms INFO  cfg.Environment - HHH000206: hibernate.properties not found
9831ms INFO  common.Version - HCANN000001: Hibernate Commons Annotations {5.0.4.Final}
10084ms INFO  dialect.Dialect - HHH000400: Using dialect: org.hibernate.dialect.PostgreSQL92Dialect
10239ms INFO  internal.LobCreatorBuilderImpl - HHH000421: Disabling contextual LOB creation as hibernate.jdbc.lob.non_contextual_creation is true
10247ms INFO  type.BasicTypeRegistry - HHH000270: Type registration [java.util.UUID] overrides previous : org.hibernate.type.UUIDBinaryType@6957cc92
10487ms INFO  jpa.LocalContainerEntityManagerFactoryBean - Initialized JPA EntityManagerFactory for persistence unit 'default'
11090ms INFO  servlet.DispatcherServlet - Completed initialization in 2384 ms
9027ms INFO  servlet.DispatcherServlet - Initializing Servlet 'SpringDispatcher'
9970ms INFO  util.LogHelper - HHH000204: Processing PersistenceUnitInfo [
	name: default
	...]
10062ms INFO  hibernate.Version - HHH000412: Hibernate Core {5.3.2.Final}
10065ms INFO  cfg.Environment - HHH000206: hibernate.properties not found
10191ms INFO  common.Version - HCANN000001: Hibernate Commons Annotations {5.0.4.Final}
10432ms INFO  dialect.Dialect - HHH000400: Using dialect: org.hibernate.dialect.PostgreSQL92Dialect
10568ms INFO  internal.LobCreatorBuilderImpl - HHH000421: Disabling contextual LOB creation as hibernate.jdbc.lob.non_contextual_creation is true
10582ms INFO  type.BasicTypeRegistry - HHH000270: Type registration [java.util.UUID] overrides previous : org.hibernate.type.UUIDBinaryType@1c82694e
10828ms INFO  jpa.LocalContainerEntityManagerFactoryBean - Initialized JPA EntityManagerFactory for persistence unit 'default'
11523ms INFO  servlet.DispatcherServlet - Completed initialization in 2482 ms
8878ms INFO  servlet.DispatcherServlet - Initializing Servlet 'SpringDispatcher'
9705ms INFO  util.LogHelper - HHH000204: Processing PersistenceUnitInfo [
	name: default
	...]
9799ms INFO  hibernate.Version - HHH000412: Hibernate Core {5.3.2.Final}
9805ms INFO  cfg.Environment - HHH000206: hibernate.properties not found
9923ms INFO  common.Version - HCANN000001: Hibernate Commons Annotations {5.0.4.Final}
10156ms INFO  dialect.Dialect - HHH000400: Using dialect: org.hibernate.dialect.PostgreSQL92Dialect
10295ms INFO  internal.LobCreatorBuilderImpl - HHH000421: Disabling contextual LOB creation as hibernate.jdbc.lob.non_contextual_creation is true
10300ms INFO  type.BasicTypeRegistry - HHH000270: Type registration [java.util.UUID] overrides previous : org.hibernate.type.UUIDBinaryType@5c4c86d5
10548ms INFO  jpa.LocalContainerEntityManagerFactoryBean - Initialized JPA EntityManagerFactory for persistence unit 'default'
11145ms INFO  servlet.DispatcherServlet - Completed initialization in 2265 ms
9202ms INFO  servlet.DispatcherServlet - Initializing Servlet 'SpringDispatcher'
10197ms INFO  util.LogHelper - HHH000204: Processing PersistenceUnitInfo [
	name: default
	...]
10337ms INFO  hibernate.Version - HHH000412: Hibernate Core {5.3.2.Final}
10339ms INFO  cfg.Environment - HHH000206: hibernate.properties not found
10530ms INFO  common.Version - HCANN000001: Hibernate Commons Annotations {5.0.4.Final}
10782ms INFO  dialect.Dialect - HHH000400: Using dialect: org.hibernate.dialect.PostgreSQL92Dialect
10921ms INFO  internal.LobCreatorBuilderImpl - HHH000421: Disabling contextual LOB creation as hibernate.jdbc.lob.non_contextual_creation is true
10940ms INFO  type.BasicTypeRegistry - HHH000270: Type registration [java.util.UUID] overrides previous : org.hibernate.type.UUIDBinaryType@61c8c41a
11141ms INFO  jpa.LocalContainerEntityManagerFactoryBean - Initialized JPA EntityManagerFactory for persistence unit 'default'
11731ms INFO  servlet.DispatcherServlet - Completed initialization in 2519 ms
9021ms INFO  servlet.DispatcherServlet - Initializing Servlet 'SpringDispatcher'
9943ms WARN  support.AnnotationConfigWebApplicationContext - Exception encountered during context initialization - cancelling refresh attempt: org.springframework.beans.factory.BeanCreationException: Error creating bean with name 'entityManagerFactory' defined in class path resource [com/epam/lab/configuration/HibernateConfiguration.class]: Invocation of init method failed; nested exception is java.lang.IllegalStateException: No persistence units parsed from {classpath*:META-INF/persistence.xml}
9980ms ERROR servlet.DispatcherServlet - Context initialization failed
org.springframework.beans.factory.BeanCreationException: Error creating bean with name 'entityManagerFactory' defined in class path resource [com/epam/lab/configuration/HibernateConfiguration.class]: Invocation of init method failed; nested exception is java.lang.IllegalStateException: No persistence units parsed from {classpath*:META-INF/persistence.xml}
	at org.springframework.beans.factory.support.AbstractAutowireCapableBeanFactory.initializeBean(AbstractAutowireCapableBeanFactory.java:1796) ~[spring-beans-5.2.3.RELEASE.jar:5.2.3.RELEASE]
	at org.springframework.beans.factory.support.AbstractAutowireCapableBeanFactory.doCreateBean(AbstractAutowireCapableBeanFactory.java:595) ~[spring-beans-5.2.3.RELEASE.jar:5.2.3.RELEASE]
	at org.springframework.beans.factory.support.AbstractAutowireCapableBeanFactory.createBean(AbstractAutowireCapableBeanFactory.java:517) ~[spring-beans-5.2.3.RELEASE.jar:5.2.3.RELEASE]
	at org.springframework.beans.factory.support.AbstractBeanFactory.lambda$doGetBean$0(AbstractBeanFactory.java:323) ~[spring-beans-5.2.3.RELEASE.jar:5.2.3.RELEASE]
	at org.springframework.beans.factory.support.DefaultSingletonBeanRegistry.getSingleton(DefaultSingletonBeanRegistry.java:222) ~[spring-beans-5.2.3.RELEASE.jar:5.2.3.RELEASE]
	at org.springframework.beans.factory.support.AbstractBeanFactory.doGetBean(AbstractBeanFactory.java:321) ~[spring-beans-5.2.3.RELEASE.jar:5.2.3.RELEASE]
	at org.springframework.beans.factory.support.AbstractBeanFactory.getBean(AbstractBeanFactory.java:202) ~[spring-beans-5.2.3.RELEASE.jar:5.2.3.RELEASE]
	at org.springframework.context.support.AbstractApplicationContext.getBean(AbstractApplicationContext.java:1108) ~[spring-context-5.2.3.RELEASE.jar:5.2.3.RELEASE]
	at org.springframework.context.support.AbstractApplicationContext.finishBeanFactoryInitialization(AbstractApplicationContext.java:868) ~[spring-context-5.2.3.RELEASE.jar:5.2.3.RELEASE]
	at org.springframework.context.support.AbstractApplicationContext.refresh(AbstractApplicationContext.java:550) ~[spring-context-5.2.3.RELEASE.jar:5.2.3.RELEASE]
	at org.springframework.web.servlet.FrameworkServlet.configureAndRefreshWebApplicationContext(FrameworkServlet.java:702) ~[spring-webmvc-5.2.3.RELEASE.jar:5.2.3.RELEASE]
	at org.springframework.web.servlet.FrameworkServlet.initWebApplicationContext(FrameworkServlet.java:578) ~[spring-webmvc-5.2.3.RELEASE.jar:5.2.3.RELEASE]
	at org.springframework.web.servlet.FrameworkServlet.initServletBean(FrameworkServlet.java:530) [spring-webmvc-5.2.3.RELEASE.jar:5.2.3.RELEASE]
	at org.springframework.web.servlet.HttpServletBean.init(HttpServletBean.java:170) [spring-webmvc-5.2.3.RELEASE.jar:5.2.3.RELEASE]
	at javax.servlet.GenericServlet.init(GenericServlet.java:160) [tomcat-embed-core-7.0.47.jar:7.0.47]
	at org.apache.catalina.core.StandardWrapper.initServlet(StandardWrapper.java:1280) [tomcat-embed-core-7.0.47.jar:7.0.47]
	at org.apache.catalina.core.StandardWrapper.load(StandardWrapper.java:1091) [tomcat-embed-core-7.0.47.jar:7.0.47]
	at org.apache.catalina.core.StandardContext.loadOnStartup(StandardContext.java:5176) [tomcat-embed-core-7.0.47.jar:7.0.47]
	at org.apache.catalina.core.StandardContext.startInternal(StandardContext.java:5460) [tomcat-embed-core-7.0.47.jar:7.0.47]
	at org.apache.catalina.util.LifecycleBase.start(LifecycleBase.java:150) [tomcat-embed-core-7.0.47.jar:7.0.47]
	at org.apache.catalina.core.ContainerBase$StartChild.call(ContainerBase.java:1559) [tomcat-embed-core-7.0.47.jar:7.0.47]
	at org.apache.catalina.core.ContainerBase$StartChild.call(ContainerBase.java:1549) [tomcat-embed-core-7.0.47.jar:7.0.47]
	at java.util.concurrent.FutureTask.run(FutureTask.java:266) [?:1.8.0_241]
	at java.util.concurrent.ThreadPoolExecutor.runWorker(ThreadPoolExecutor.java:1149) [?:1.8.0_241]
	at java.util.concurrent.ThreadPoolExecutor$Worker.run(ThreadPoolExecutor.java:624) [?:1.8.0_241]
	at java.lang.Thread.run(Thread.java:748) [?:1.8.0_241]
Caused by: java.lang.IllegalStateException: No persistence units parsed from {classpath*:META-INF/persistence.xml}
	at org.springframework.orm.jpa.persistenceunit.DefaultPersistenceUnitManager.obtainDefaultPersistenceUnitInfo(DefaultPersistenceUnitManager.java:717) ~[spring-orm-5.1.6.RELEASE.jar:5.1.6.RELEASE]
	at org.springframework.orm.jpa.LocalContainerEntityManagerFactoryBean.determinePersistenceUnitInfo(LocalContainerEntityManagerFactoryBean.java:387) ~[spring-orm-5.1.6.RELEASE.jar:5.1.6.RELEASE]
	at org.springframework.orm.jpa.LocalContainerEntityManagerFactoryBean.afterPropertiesSet(LocalContainerEntityManagerFactoryBean.java:332) ~[spring-orm-5.1.6.RELEASE.jar:5.1.6.RELEASE]
	at org.springframework.beans.factory.support.AbstractAutowireCapableBeanFactory.invokeInitMethods(AbstractAutowireCapableBeanFactory.java:1855) ~[spring-beans-5.2.3.RELEASE.jar:5.2.3.RELEASE]
	at org.springframework.beans.factory.support.AbstractAutowireCapableBeanFactory.initializeBean(AbstractAutowireCapableBeanFactory.java:1792) ~[spring-beans-5.2.3.RELEASE.jar:5.2.3.RELEASE]
	... 25 more
8904ms INFO  servlet.DispatcherServlet - Initializing Servlet 'SpringDispatcher'
9812ms INFO  util.LogHelper - HHH000204: Processing PersistenceUnitInfo [
	name: Author
	...]
9936ms INFO  hibernate.Version - HHH000412: Hibernate Core {5.3.2.Final}
9938ms INFO  cfg.Environment - HHH000206: hibernate.properties not found
10084ms INFO  common.Version - HCANN000001: Hibernate Commons Annotations {5.0.4.Final}
10355ms INFO  dialect.Dialect - HHH000400: Using dialect: org.hibernate.dialect.PostgreSQL92Dialect
10530ms INFO  internal.LobCreatorBuilderImpl - HHH000421: Disabling contextual LOB creation as hibernate.jdbc.lob.non_contextual_creation is true
10541ms INFO  type.BasicTypeRegistry - HHH000270: Type registration [java.util.UUID] overrides previous : org.hibernate.type.UUIDBinaryType@71815d45
10841ms INFO  jpa.LocalContainerEntityManagerFactoryBean - Initialized JPA EntityManagerFactory for persistence unit 'Author'
11665ms INFO  servlet.DispatcherServlet - Completed initialization in 2756 ms
9278ms INFO  servlet.DispatcherServlet - Initializing Servlet 'SpringDispatcher'
10515ms INFO  util.LogHelper - HHH000204: Processing PersistenceUnitInfo [
	name: com.epam.lab.model.Author
	...]
10649ms INFO  hibernate.Version - HHH000412: Hibernate Core {5.3.2.Final}
10653ms INFO  cfg.Environment - HHH000206: hibernate.properties not found
10796ms INFO  common.Version - HCANN000001: Hibernate Commons Annotations {5.0.4.Final}
11313ms INFO  dialect.Dialect - HHH000400: Using dialect: org.hibernate.dialect.PostgreSQL92Dialect
11457ms INFO  internal.LobCreatorBuilderImpl - HHH000421: Disabling contextual LOB creation as hibernate.jdbc.lob.non_contextual_creation is true
11465ms INFO  type.BasicTypeRegistry - HHH000270: Type registration [java.util.UUID] overrides previous : org.hibernate.type.UUIDBinaryType@4c435830
11753ms INFO  jpa.LocalContainerEntityManagerFactoryBean - Initialized JPA EntityManagerFactory for persistence unit 'com.epam.lab.model.Author'
12689ms INFO  servlet.DispatcherServlet - Completed initialization in 3408 ms
9791ms INFO  servlet.DispatcherServlet - Initializing Servlet 'SpringDispatcher'
10740ms INFO  util.LogHelper - HHH000204: Processing PersistenceUnitInfo [
	name: default
	...]
10830ms INFO  hibernate.Version - HHH000412: Hibernate Core {5.3.2.Final}
10832ms INFO  cfg.Environment - HHH000206: hibernate.properties not found
10945ms INFO  common.Version - HCANN000001: Hibernate Commons Annotations {5.0.4.Final}
11163ms INFO  dialect.Dialect - HHH000400: Using dialect: org.hibernate.dialect.PostgreSQL92Dialect
11295ms INFO  internal.LobCreatorBuilderImpl - HHH000421: Disabling contextual LOB creation as hibernate.jdbc.lob.non_contextual_creation is true
11305ms INFO  type.BasicTypeRegistry - HHH000270: Type registration [java.util.UUID] overrides previous : org.hibernate.type.UUIDBinaryType@7dc2e07c
11515ms INFO  jpa.LocalContainerEntityManagerFactoryBean - Initialized JPA EntityManagerFactory for persistence unit 'default'
12102ms INFO  servlet.DispatcherServlet - Completed initialization in 2305 ms
9310ms INFO  servlet.DispatcherServlet - Initializing Servlet 'SpringDispatcher'
10231ms INFO  util.LogHelper - HHH000204: Processing PersistenceUnitInfo [
	name: default
	...]
10325ms INFO  hibernate.Version - HHH000412: Hibernate Core {5.3.2.Final}
10330ms INFO  cfg.Environment - HHH000206: hibernate.properties not found
10435ms INFO  common.Version - HCANN000001: Hibernate Commons Annotations {5.0.4.Final}
10662ms INFO  dialect.Dialect - HHH000400: Using dialect: org.hibernate.dialect.PostgreSQL92Dialect
10792ms INFO  internal.LobCreatorBuilderImpl - HHH000421: Disabling contextual LOB creation as hibernate.jdbc.lob.non_contextual_creation is true
10805ms INFO  type.BasicTypeRegistry - HHH000270: Type registration [java.util.UUID] overrides previous : org.hibernate.type.UUIDBinaryType@61f5890
11024ms INFO  jpa.LocalContainerEntityManagerFactoryBean - Initialized JPA EntityManagerFactory for persistence unit 'default'
11720ms INFO  servlet.DispatcherServlet - Completed initialization in 2405 ms
9164ms INFO  servlet.DispatcherServlet - Initializing Servlet 'SpringDispatcher'
10094ms INFO  util.LogHelper - HHH000204: Processing PersistenceUnitInfo [
	name: default
	...]
10216ms INFO  hibernate.Version - HHH000412: Hibernate Core {5.3.2.Final}
10218ms INFO  cfg.Environment - HHH000206: hibernate.properties not found
10341ms INFO  common.Version - HCANN000001: Hibernate Commons Annotations {5.0.4.Final}
10565ms INFO  dialect.Dialect - HHH000400: Using dialect: org.hibernate.dialect.PostgreSQL92Dialect
10720ms INFO  internal.LobCreatorBuilderImpl - HHH000421: Disabling contextual LOB creation as hibernate.jdbc.lob.non_contextual_creation is true
10725ms INFO  type.BasicTypeRegistry - HHH000270: Type registration [java.util.UUID] overrides previous : org.hibernate.type.UUIDBinaryType@51912e76
10975ms INFO  jpa.LocalContainerEntityManagerFactoryBean - Initialized JPA EntityManagerFactory for persistence unit 'default'
11699ms INFO  servlet.DispatcherServlet - Completed initialization in 2529 ms
8835ms INFO  servlet.DispatcherServlet - Initializing Servlet 'SpringDispatcher'
9786ms INFO  util.LogHelper - HHH000204: Processing PersistenceUnitInfo [
	name: default
	...]
9872ms INFO  hibernate.Version - HHH000412: Hibernate Core {5.3.2.Final}
9874ms INFO  cfg.Environment - HHH000206: hibernate.properties not found
9990ms INFO  common.Version - HCANN000001: Hibernate Commons Annotations {5.0.4.Final}
10196ms INFO  dialect.Dialect - HHH000400: Using dialect: org.hibernate.dialect.PostgreSQL92Dialect
10318ms INFO  internal.LobCreatorBuilderImpl - HHH000421: Disabling contextual LOB creation as hibernate.jdbc.lob.non_contextual_creation is true
10327ms INFO  type.BasicTypeRegistry - HHH000270: Type registration [java.util.UUID] overrides previous : org.hibernate.type.UUIDBinaryType@6f3faf94
10518ms INFO  jpa.LocalContainerEntityManagerFactoryBean - Initialized JPA EntityManagerFactory for persistence unit 'default'
11077ms INFO  servlet.DispatcherServlet - Completed initialization in 2236 ms
9320ms INFO  servlet.DispatcherServlet - Initializing Servlet 'SpringDispatcher'
10333ms INFO  util.LogHelper - HHH000204: Processing PersistenceUnitInfo [
	name: default
	...]
10425ms INFO  hibernate.Version - HHH000412: Hibernate Core {5.3.2.Final}
10428ms INFO  cfg.Environment - HHH000206: hibernate.properties not found
10546ms INFO  common.Version - HCANN000001: Hibernate Commons Annotations {5.0.4.Final}
10788ms INFO  dialect.Dialect - HHH000400: Using dialect: org.hibernate.dialect.PostgreSQL92Dialect
10913ms INFO  internal.LobCreatorBuilderImpl - HHH000421: Disabling contextual LOB creation as hibernate.jdbc.lob.non_contextual_creation is true
10922ms INFO  type.BasicTypeRegistry - HHH000270: Type registration [java.util.UUID] overrides previous : org.hibernate.type.UUIDBinaryType@5e0e0a92
11133ms INFO  jpa.LocalContainerEntityManagerFactoryBean - Initialized JPA EntityManagerFactory for persistence unit 'default'
11811ms INFO  servlet.DispatcherServlet - Completed initialization in 2484 ms
10906ms INFO  servlet.DispatcherServlet - Initializing Servlet 'SpringDispatcher'
11995ms INFO  util.LogHelper - HHH000204: Processing PersistenceUnitInfo [
	name: default
	...]
12133ms INFO  hibernate.Version - HHH000412: Hibernate Core {5.3.2.Final}
12136ms INFO  cfg.Environment - HHH000206: hibernate.properties not found
12271ms INFO  common.Version - HCANN000001: Hibernate Commons Annotations {5.0.4.Final}
12682ms INFO  dialect.Dialect - HHH000400: Using dialect: org.hibernate.dialect.PostgreSQL92Dialect
12839ms INFO  internal.LobCreatorBuilderImpl - HHH000421: Disabling contextual LOB creation as hibernate.jdbc.lob.non_contextual_creation is true
12859ms INFO  type.BasicTypeRegistry - HHH000270: Type registration [java.util.UUID] overrides previous : org.hibernate.type.UUIDBinaryType@4f3afe91
13136ms INFO  jpa.LocalContainerEntityManagerFactoryBean - Initialized JPA EntityManagerFactory for persistence unit 'default'
13761ms INFO  servlet.DispatcherServlet - Completed initialization in 2844 ms
9041ms INFO  servlet.DispatcherServlet - Initializing Servlet 'SpringDispatcher'
9983ms INFO  util.LogHelper - HHH000204: Processing PersistenceUnitInfo [
	name: default
	...]
10070ms INFO  hibernate.Version - HHH000412: Hibernate Core {5.3.2.Final}
10071ms INFO  cfg.Environment - HHH000206: hibernate.properties not found
10178ms INFO  common.Version - HCANN000001: Hibernate Commons Annotations {5.0.4.Final}
10395ms INFO  dialect.Dialect - HHH000400: Using dialect: org.hibernate.dialect.PostgreSQL92Dialect
10524ms INFO  internal.LobCreatorBuilderImpl - HHH000421: Disabling contextual LOB creation as hibernate.jdbc.lob.non_contextual_creation is true
10533ms INFO  type.BasicTypeRegistry - HHH000270: Type registration [java.util.UUID] overrides previous : org.hibernate.type.UUIDBinaryType@6c7d0d53
10747ms INFO  jpa.LocalContainerEntityManagerFactoryBean - Initialized JPA EntityManagerFactory for persistence unit 'default'
11415ms INFO  servlet.DispatcherServlet - Completed initialization in 2374 ms
10153ms INFO  servlet.DispatcherServlet - Initializing Servlet 'SpringDispatcher'
11350ms INFO  util.LogHelper - HHH000204: Processing PersistenceUnitInfo [
	name: default
	...]
11455ms INFO  hibernate.Version - HHH000412: Hibernate Core {5.3.2.Final}
11461ms INFO  cfg.Environment - HHH000206: hibernate.properties not found
11616ms INFO  common.Version - HCANN000001: Hibernate Commons Annotations {5.0.4.Final}
11872ms INFO  dialect.Dialect - HHH000400: Using dialect: org.hibernate.dialect.PostgreSQL92Dialect
12015ms INFO  internal.LobCreatorBuilderImpl - HHH000421: Disabling contextual LOB creation as hibernate.jdbc.lob.non_contextual_creation is true
12025ms INFO  type.BasicTypeRegistry - HHH000270: Type registration [java.util.UUID] overrides previous : org.hibernate.type.UUIDBinaryType@22c999fe
12339ms INFO  jpa.LocalContainerEntityManagerFactoryBean - Initialized JPA EntityManagerFactory for persistence unit 'default'
13007ms INFO  servlet.DispatcherServlet - Completed initialization in 2849 ms
9417ms INFO  servlet.DispatcherServlet - Initializing Servlet 'SpringDispatcher'
10319ms WARN  support.AnnotationConfigWebApplicationContext - Exception encountered during context initialization - cancelling refresh attempt: org.springframework.beans.factory.BeanCreationException: Error creating bean with name 'entityManagerFactory' defined in class path resource [com/epam/lab/configuration/HibernateConfiguration.class]: Invocation of init method failed; nested exception is java.lang.IllegalStateException: No persistence units parsed from {classpath*:META-INF/persistence.xml}
10325ms ERROR servlet.DispatcherServlet - Context initialization failed
org.springframework.beans.factory.BeanCreationException: Error creating bean with name 'entityManagerFactory' defined in class path resource [com/epam/lab/configuration/HibernateConfiguration.class]: Invocation of init method failed; nested exception is java.lang.IllegalStateException: No persistence units parsed from {classpath*:META-INF/persistence.xml}
	at org.springframework.beans.factory.support.AbstractAutowireCapableBeanFactory.initializeBean(AbstractAutowireCapableBeanFactory.java:1796) ~[spring-beans-5.2.3.RELEASE.jar:5.2.3.RELEASE]
	at org.springframework.beans.factory.support.AbstractAutowireCapableBeanFactory.doCreateBean(AbstractAutowireCapableBeanFactory.java:595) ~[spring-beans-5.2.3.RELEASE.jar:5.2.3.RELEASE]
	at org.springframework.beans.factory.support.AbstractAutowireCapableBeanFactory.createBean(AbstractAutowireCapableBeanFactory.java:517) ~[spring-beans-5.2.3.RELEASE.jar:5.2.3.RELEASE]
	at org.springframework.beans.factory.support.AbstractBeanFactory.lambda$doGetBean$0(AbstractBeanFactory.java:323) ~[spring-beans-5.2.3.RELEASE.jar:5.2.3.RELEASE]
	at org.springframework.beans.factory.support.DefaultSingletonBeanRegistry.getSingleton(DefaultSingletonBeanRegistry.java:222) ~[spring-beans-5.2.3.RELEASE.jar:5.2.3.RELEASE]
	at org.springframework.beans.factory.support.AbstractBeanFactory.doGetBean(AbstractBeanFactory.java:321) ~[spring-beans-5.2.3.RELEASE.jar:5.2.3.RELEASE]
	at org.springframework.beans.factory.support.AbstractBeanFactory.getBean(AbstractBeanFactory.java:202) ~[spring-beans-5.2.3.RELEASE.jar:5.2.3.RELEASE]
	at org.springframework.context.support.AbstractApplicationContext.getBean(AbstractApplicationContext.java:1108) ~[spring-context-5.2.3.RELEASE.jar:5.2.3.RELEASE]
	at org.springframework.context.support.AbstractApplicationContext.finishBeanFactoryInitialization(AbstractApplicationContext.java:868) ~[spring-context-5.2.3.RELEASE.jar:5.2.3.RELEASE]
	at org.springframework.context.support.AbstractApplicationContext.refresh(AbstractApplicationContext.java:550) ~[spring-context-5.2.3.RELEASE.jar:5.2.3.RELEASE]
	at org.springframework.web.servlet.FrameworkServlet.configureAndRefreshWebApplicationContext(FrameworkServlet.java:702) ~[spring-webmvc-5.2.3.RELEASE.jar:5.2.3.RELEASE]
	at org.springframework.web.servlet.FrameworkServlet.initWebApplicationContext(FrameworkServlet.java:578) ~[spring-webmvc-5.2.3.RELEASE.jar:5.2.3.RELEASE]
	at org.springframework.web.servlet.FrameworkServlet.initServletBean(FrameworkServlet.java:530) [spring-webmvc-5.2.3.RELEASE.jar:5.2.3.RELEASE]
	at org.springframework.web.servlet.HttpServletBean.init(HttpServletBean.java:170) [spring-webmvc-5.2.3.RELEASE.jar:5.2.3.RELEASE]
	at javax.servlet.GenericServlet.init(GenericServlet.java:160) [tomcat-embed-core-7.0.47.jar:7.0.47]
	at org.apache.catalina.core.StandardWrapper.initServlet(StandardWrapper.java:1280) [tomcat-embed-core-7.0.47.jar:7.0.47]
	at org.apache.catalina.core.StandardWrapper.load(StandardWrapper.java:1091) [tomcat-embed-core-7.0.47.jar:7.0.47]
	at org.apache.catalina.core.StandardContext.loadOnStartup(StandardContext.java:5176) [tomcat-embed-core-7.0.47.jar:7.0.47]
	at org.apache.catalina.core.StandardContext.startInternal(StandardContext.java:5460) [tomcat-embed-core-7.0.47.jar:7.0.47]
	at org.apache.catalina.util.LifecycleBase.start(LifecycleBase.java:150) [tomcat-embed-core-7.0.47.jar:7.0.47]
	at org.apache.catalina.core.ContainerBase$StartChild.call(ContainerBase.java:1559) [tomcat-embed-core-7.0.47.jar:7.0.47]
	at org.apache.catalina.core.ContainerBase$StartChild.call(ContainerBase.java:1549) [tomcat-embed-core-7.0.47.jar:7.0.47]
	at java.util.concurrent.FutureTask.run(FutureTask.java:266) [?:1.8.0_241]
	at java.util.concurrent.ThreadPoolExecutor.runWorker(ThreadPoolExecutor.java:1149) [?:1.8.0_241]
	at java.util.concurrent.ThreadPoolExecutor$Worker.run(ThreadPoolExecutor.java:624) [?:1.8.0_241]
	at java.lang.Thread.run(Thread.java:748) [?:1.8.0_241]
Caused by: java.lang.IllegalStateException: No persistence units parsed from {classpath*:META-INF/persistence.xml}
	at org.springframework.orm.jpa.persistenceunit.DefaultPersistenceUnitManager.obtainDefaultPersistenceUnitInfo(DefaultPersistenceUnitManager.java:717) ~[spring-orm-5.1.6.RELEASE.jar:5.1.6.RELEASE]
	at org.springframework.orm.jpa.LocalContainerEntityManagerFactoryBean.determinePersistenceUnitInfo(LocalContainerEntityManagerFactoryBean.java:387) ~[spring-orm-5.1.6.RELEASE.jar:5.1.6.RELEASE]
	at org.springframework.orm.jpa.LocalContainerEntityManagerFactoryBean.afterPropertiesSet(LocalContainerEntityManagerFactoryBean.java:332) ~[spring-orm-5.1.6.RELEASE.jar:5.1.6.RELEASE]
	at org.springframework.beans.factory.support.AbstractAutowireCapableBeanFactory.invokeInitMethods(AbstractAutowireCapableBeanFactory.java:1855) ~[spring-beans-5.2.3.RELEASE.jar:5.2.3.RELEASE]
	at org.springframework.beans.factory.support.AbstractAutowireCapableBeanFactory.initializeBean(AbstractAutowireCapableBeanFactory.java:1792) ~[spring-beans-5.2.3.RELEASE.jar:5.2.3.RELEASE]
	... 25 more
9500ms INFO  servlet.DispatcherServlet - Initializing Servlet 'SpringDispatcher'
10463ms INFO  util.LogHelper - HHH000204: Processing PersistenceUnitInfo [
	name: default
	...]
10557ms INFO  hibernate.Version - HHH000412: Hibernate Core {5.3.2.Final}
10560ms INFO  cfg.Environment - HHH000206: hibernate.properties not found
10724ms INFO  common.Version - HCANN000001: Hibernate Commons Annotations {5.0.4.Final}
10940ms INFO  dialect.Dialect - HHH000400: Using dialect: org.hibernate.dialect.PostgreSQL92Dialect
11064ms INFO  internal.LobCreatorBuilderImpl - HHH000421: Disabling contextual LOB creation as hibernate.jdbc.lob.non_contextual_creation is true
11073ms INFO  type.BasicTypeRegistry - HHH000270: Type registration [java.util.UUID] overrides previous : org.hibernate.type.UUIDBinaryType@5800d36
11311ms INFO  jpa.LocalContainerEntityManagerFactoryBean - Initialized JPA EntityManagerFactory for persistence unit 'default'
11919ms INFO  servlet.DispatcherServlet - Completed initialization in 2414 ms
8970ms INFO  servlet.DispatcherServlet - Initializing Servlet 'SpringDispatcher'
9844ms INFO  util.LogHelper - HHH000204: Processing PersistenceUnitInfo [
	name: default
	...]
9930ms INFO  hibernate.Version - HHH000412: Hibernate Core {5.3.2.Final}
9932ms INFO  cfg.Environment - HHH000206: hibernate.properties not found
10055ms INFO  common.Version - HCANN000001: Hibernate Commons Annotations {5.0.4.Final}
10286ms INFO  dialect.Dialect - HHH000400: Using dialect: org.hibernate.dialect.PostgreSQL92Dialect
10417ms INFO  internal.LobCreatorBuilderImpl - HHH000421: Disabling contextual LOB creation as hibernate.jdbc.lob.non_contextual_creation is true
10431ms INFO  type.BasicTypeRegistry - HHH000270: Type registration [java.util.UUID] overrides previous : org.hibernate.type.UUIDBinaryType@54a7293c
10660ms INFO  jpa.LocalContainerEntityManagerFactoryBean - Initialized JPA EntityManagerFactory for persistence unit 'default'
11371ms INFO  servlet.DispatcherServlet - Completed initialization in 2401 ms
9264ms INFO  servlet.DispatcherServlet - Initializing Servlet 'SpringDispatcher'
10197ms INFO  util.LogHelper - HHH000204: Processing PersistenceUnitInfo [
	name: default
	...]
10308ms INFO  hibernate.Version - HHH000412: Hibernate Core {5.3.2.Final}
10310ms INFO  cfg.Environment - HHH000206: hibernate.properties not found
10439ms INFO  common.Version - HCANN000001: Hibernate Commons Annotations {5.0.4.Final}
10750ms INFO  dialect.Dialect - HHH000400: Using dialect: org.hibernate.dialect.PostgreSQL92Dialect
10905ms INFO  internal.LobCreatorBuilderImpl - HHH000421: Disabling contextual LOB creation as hibernate.jdbc.lob.non_contextual_creation is true
10914ms INFO  type.BasicTypeRegistry - HHH000270: Type registration [java.util.UUID] overrides previous : org.hibernate.type.UUIDBinaryType@25b25192
11142ms INFO  jpa.LocalContainerEntityManagerFactoryBean - Initialized JPA EntityManagerFactory for persistence unit 'default'
11841ms INFO  servlet.DispatcherServlet - Completed initialization in 2571 ms
9233ms INFO  servlet.DispatcherServlet - Initializing Servlet 'SpringDispatcher'
10175ms INFO  util.LogHelper - HHH000204: Processing PersistenceUnitInfo [
	name: com.epam.lab.model.Author
	...]
10285ms INFO  hibernate.Version - HHH000412: Hibernate Core {5.3.2.Final}
10285ms INFO  cfg.Environment - HHH000206: hibernate.properties not found
10425ms INFO  common.Version - HCANN000001: Hibernate Commons Annotations {5.0.4.Final}
10665ms INFO  dialect.Dialect - HHH000400: Using dialect: org.hibernate.dialect.PostgreSQL92Dialect
10808ms INFO  internal.LobCreatorBuilderImpl - HHH000421: Disabling contextual LOB creation as hibernate.jdbc.lob.non_contextual_creation is true
10821ms INFO  type.BasicTypeRegistry - HHH000270: Type registration [java.util.UUID] overrides previous : org.hibernate.type.UUIDBinaryType@7c0c1d9a
11041ms INFO  jpa.LocalContainerEntityManagerFactoryBean - Initialized JPA EntityManagerFactory for persistence unit 'com.epam.lab.model.Author'
11703ms INFO  servlet.DispatcherServlet - Completed initialization in 2462 ms
8743ms INFO  servlet.DispatcherServlet - Initializing Servlet 'SpringDispatcher'
9643ms INFO  util.LogHelper - HHH000204: Processing PersistenceUnitInfo [
	name: default
	...]
9741ms INFO  hibernate.Version - HHH000412: Hibernate Core {5.3.2.Final}
9743ms INFO  cfg.Environment - HHH000206: hibernate.properties not found
9873ms INFO  common.Version - HCANN000001: Hibernate Commons Annotations {5.0.4.Final}
10125ms INFO  dialect.Dialect - HHH000400: Using dialect: org.hibernate.dialect.PostgreSQL92Dialect
10258ms INFO  internal.LobCreatorBuilderImpl - HHH000421: Disabling contextual LOB creation as hibernate.jdbc.lob.non_contextual_creation is true
10267ms INFO  type.BasicTypeRegistry - HHH000270: Type registration [java.util.UUID] overrides previous : org.hibernate.type.UUIDBinaryType@364655cf
10487ms INFO  jpa.LocalContainerEntityManagerFactoryBean - Initialized JPA EntityManagerFactory for persistence unit 'default'
11145ms INFO  servlet.DispatcherServlet - Completed initialization in 2397 ms
9381ms INFO  servlet.DispatcherServlet - Initializing Servlet 'SpringDispatcher'
10306ms INFO  util.LogHelper - HHH000204: Processing PersistenceUnitInfo [
	name: com.epam.lab.model.Author
	...]
10395ms INFO  hibernate.Version - HHH000412: Hibernate Core {5.3.2.Final}
10398ms INFO  cfg.Environment - HHH000206: hibernate.properties not found
10521ms INFO  common.Version - HCANN000001: Hibernate Commons Annotations {5.0.4.Final}
10749ms INFO  dialect.Dialect - HHH000400: Using dialect: org.hibernate.dialect.PostgreSQL92Dialect
10873ms INFO  internal.LobCreatorBuilderImpl - HHH000421: Disabling contextual LOB creation as hibernate.jdbc.lob.non_contextual_creation is true
10889ms INFO  type.BasicTypeRegistry - HHH000270: Type registration [java.util.UUID] overrides previous : org.hibernate.type.UUIDBinaryType@fa8b2d4
11082ms INFO  jpa.LocalContainerEntityManagerFactoryBean - Initialized JPA EntityManagerFactory for persistence unit 'com.epam.lab.model.Author'
11653ms INFO  servlet.DispatcherServlet - Completed initialization in 2267 ms
9206ms INFO  servlet.DispatcherServlet - Initializing Servlet 'SpringDispatcher'
10200ms INFO  util.LogHelper - HHH000204: Processing PersistenceUnitInfo [
	name: com.epam.lab.model.Author
	...]
10294ms INFO  hibernate.Version - HHH000412: Hibernate Core {5.3.2.Final}
10296ms INFO  cfg.Environment - HHH000206: hibernate.properties not found
10417ms INFO  common.Version - HCANN000001: Hibernate Commons Annotations {5.0.4.Final}
10716ms INFO  dialect.Dialect - HHH000400: Using dialect: org.hibernate.dialect.PostgreSQL92Dialect
10856ms INFO  internal.LobCreatorBuilderImpl - HHH000421: Disabling contextual LOB creation as hibernate.jdbc.lob.non_contextual_creation is true
10874ms INFO  type.BasicTypeRegistry - HHH000270: Type registration [java.util.UUID] overrides previous : org.hibernate.type.UUIDBinaryType@4a6d4051
11100ms INFO  jpa.LocalContainerEntityManagerFactoryBean - Initialized JPA EntityManagerFactory for persistence unit 'com.epam.lab.model.Author'
11737ms INFO  servlet.DispatcherServlet - Completed initialization in 2525 ms
9054ms INFO  servlet.DispatcherServlet - Initializing Servlet 'SpringDispatcher'
10056ms INFO  util.LogHelper - HHH000204: Processing PersistenceUnitInfo [
	name: default
	...]
10152ms INFO  hibernate.Version - HHH000412: Hibernate Core {5.3.2.Final}
10155ms INFO  cfg.Environment - HHH000206: hibernate.properties not found
10280ms INFO  common.Version - HCANN000001: Hibernate Commons Annotations {5.0.4.Final}
10528ms INFO  dialect.Dialect - HHH000400: Using dialect: org.hibernate.dialect.PostgreSQL92Dialect
10670ms INFO  internal.LobCreatorBuilderImpl - HHH000421: Disabling contextual LOB creation as hibernate.jdbc.lob.non_contextual_creation is true
